-- Found ament_cmake: 2.5.4 (/opt/ros/jazzy/share/ament_cmake/cmake)
-- Found rclcpp: 28.1.10 (/opt/ros/jazzy/share/rclcpp/cmake)
-- Found rosidl_generator_c: 4.6.5 (/opt/ros/jazzy/share/rosidl_generator_c/cmake)
-- Found rosidl_generator_cpp: 4.6.5 (/opt/ros/jazzy/share/rosidl_generator_cpp/cmake)
-- Using all available rosidl_typesupport_c: rosidl_typesupport_fastrtps_c;rosidl_typesupport_introspection_c
-- Using all available rosidl_typesupport_cpp: rosidl_typesupport_fastrtps_cpp;rosidl_typesupport_introspection_cpp
-- Found rmw_implementation_cmake: 7.3.2 (/opt/ros/jazzy/share/rmw_implementation_cmake/cmake)
-- Found rmw_fastrtps_cpp: 8.4.2 (/opt/ros/jazzy/share/rmw_fastrtps_cpp/cmake)
-- Using RMW implementation 'rmw_fastrtps_cpp' as default
-- Found rclcpp_action: 28.1.10 (/opt/ros/jazzy/share/rclcpp_action/cmake)
-- Found moveit_msgs: 2.6.0 (/opt/ros/jazzy/share/moveit_msgs/cmake)
-- Found ament_lint_auto: 0.17.2 (/opt/ros/jazzy/share/ament_lint_auto/cmake)
-- Added test 'cppcheck' to perform static code analysis on C / C++ code
-- Configured cppcheck include dirs: 
-- Configured cppcheck exclude dirs and/or files: 
-- Added test 'lint_cmake' to check CMake code style
-- Added test 'uncrustify' to check C / C++ code style
-- Configured uncrustify additional arguments: 
-- Added test 'xmllint' to check XML markup files
-- Configuring done (0.9s)
-- Generating done (0.0s)
-- Build files have been written to: /home/javierac/control_ws/build/xarm6_cpp_control
[ 50%] [32mBuilding CXX object CMakeFiles/xarm6_action_client.dir/src/xarm6_action_client.cpp.o[0m
[100%] [32m[1mLinking CXX executable xarm6_action_client[0m
[100%] Built target xarm6_action_client
-- Install configuration: ""
-- Installing: /home/javierac/control_ws/install/xarm6_cpp_control/share/ament_index/resource_index/package_run_dependencies/xarm6_cpp_control
-- Installing: /home/javierac/control_ws/install/xarm6_cpp_control/share/ament_index/resource_index/parent_prefix_path/xarm6_cpp_control
-- Installing: /home/javierac/control_ws/install/xarm6_cpp_control/share/xarm6_cpp_control/environment/ament_prefix_path.sh
-- Installing: /home/javierac/control_ws/install/xarm6_cpp_control/share/xarm6_cpp_control/environment/ament_prefix_path.dsv
-- Installing: /home/javierac/control_ws/install/xarm6_cpp_control/share/xarm6_cpp_control/environment/path.sh
-- Installing: /home/javierac/control_ws/install/xarm6_cpp_control/share/xarm6_cpp_control/environment/path.dsv
-- Installing: /home/javierac/control_ws/install/xarm6_cpp_control/share/xarm6_cpp_control/local_setup.bash
-- Installing: /home/javierac/control_ws/install/xarm6_cpp_control/share/xarm6_cpp_control/local_setup.sh
-- Installing: /home/javierac/control_ws/install/xarm6_cpp_control/share/xarm6_cpp_control/local_setup.zsh
-- Installing: /home/javierac/control_ws/install/xarm6_cpp_control/share/xarm6_cpp_control/local_setup.dsv
-- Installing: /home/javierac/control_ws/install/xarm6_cpp_control/share/xarm6_cpp_control/package.dsv
-- Installing: /home/javierac/control_ws/install/xarm6_cpp_control/share/ament_index/resource_index/packages/xarm6_cpp_control
-- Installing: /home/javierac/control_ws/install/xarm6_cpp_control/share/xarm6_cpp_control/cmake/xarm6_cpp_controlConfig.cmake
-- Installing: /home/javierac/control_ws/install/xarm6_cpp_control/share/xarm6_cpp_control/cmake/xarm6_cpp_controlConfig-version.cmake
-- Installing: /home/javierac/control_ws/install/xarm6_cpp_control/share/xarm6_cpp_control/package.xml
-- Installing: /home/javierac/control_ws/install/xarm6_cpp_control/lib/xarm6_cpp_control/xarm6_action_client
-- Set non-toolchain portion of runtime path of "/home/javierac/control_ws/install/xarm6_cpp_control/lib/xarm6_cpp_control/xarm6_action_client" to ""
