[0.014s] Invoking command in '/home/javierac/control_ws/build/xarm6_cpp_control': CMAKE_PREFIX_PATH=${CMAKE_PREFIX_PATH}:/home/xarm_ws/install/uf_ros_lib:/opt/ros/jazzy /usr/bin/cmake /home/javierac/control_ws/src/xarm6_cpp_control -DCMAKE_INSTALL_PREFIX=/home/javierac/control_ws/install/xarm6_cpp_control
[0.029s] -- Found ament_cmake: 2.5.4 (/opt/ros/jazzy/share/ament_cmake/cmake)
[0.270s] -- Found rclcpp: 28.1.10 (/opt/ros/jazzy/share/rclcpp/cmake)
[0.299s] -- Found rosidl_generator_c: 4.6.5 (/opt/ros/jazzy/share/rosidl_generator_c/cmake)
[0.308s] -- Found rosidl_generator_cpp: 4.6.5 (/opt/ros/jazzy/share/rosidl_generator_cpp/cmake)
[0.320s] -- Using all available rosidl_typesupport_c: rosidl_typesupport_fastrtps_c;rosidl_typesupport_introspection_c
[0.335s] -- Using all available rosidl_typesupport_cpp: rosidl_typesupport_fastrtps_cpp;rosidl_typesupport_introspection_cpp
[0.401s] -- Found rmw_implementation_cmake: 7.3.2 (/opt/ros/jazzy/share/rmw_implementation_cmake/cmake)
[0.403s] -- Found rmw_fastrtps_cpp: 8.4.2 (/opt/ros/jazzy/share/rmw_fastrtps_cpp/cmake)
[0.482s] -- Using RMW implementation 'rmw_fastrtps_cpp' as default
[0.553s] -- Found rclcpp_action: 28.1.10 (/opt/ros/jazzy/share/rclcpp_action/cmake)
[0.595s] -- Found moveit_msgs: 2.6.0 (/opt/ros/jazzy/share/moveit_msgs/cmake)
[0.832s] -- Found ament_lint_auto: 0.17.2 (/opt/ros/jazzy/share/ament_lint_auto/cmake)
[0.933s] -- Added test 'cppcheck' to perform static code analysis on C / C++ code
[0.934s] -- Configured cppcheck include dirs: 
[0.934s] -- Configured cppcheck exclude dirs and/or files: 
[0.934s] -- Added test 'lint_cmake' to check CMake code style
[0.934s] -- Added test 'uncrustify' to check C / C++ code style
[0.934s] -- Configured uncrustify additional arguments: 
[0.935s] -- Added test 'xmllint' to check XML markup files
[0.937s] -- Configuring done (0.9s)
[0.952s] -- Generating done (0.0s)
[0.956s] -- Build files have been written to: /home/javierac/control_ws/build/xarm6_cpp_control
[0.964s] Invoked command in '/home/javierac/control_ws/build/xarm6_cpp_control' returned '0': CMAKE_PREFIX_PATH=${CMAKE_PREFIX_PATH}:/home/xarm_ws/install/uf_ros_lib:/opt/ros/jazzy /usr/bin/cmake /home/javierac/control_ws/src/xarm6_cpp_control -DCMAKE_INSTALL_PREFIX=/home/javierac/control_ws/install/xarm6_cpp_control
[0.965s] Invoking command in '/home/javierac/control_ws/build/xarm6_cpp_control': CMAKE_PREFIX_PATH=${CMAKE_PREFIX_PATH}:/home/xarm_ws/install/uf_ros_lib:/opt/ros/jazzy /usr/bin/cmake --build /home/javierac/control_ws/build/xarm6_cpp_control -- -j20 -l20
[1.033s] [ 50%] [32mBuilding CXX object CMakeFiles/xarm6_action_client.dir/src/xarm6_action_client.cpp.o[0m
[6.857s] [100%] [32m[1mLinking CXX executable xarm6_action_client[0m
[7.126s] [100%] Built target xarm6_action_client
[7.142s] Invoked command in '/home/javierac/control_ws/build/xarm6_cpp_control' returned '0': CMAKE_PREFIX_PATH=${CMAKE_PREFIX_PATH}:/home/xarm_ws/install/uf_ros_lib:/opt/ros/jazzy /usr/bin/cmake --build /home/javierac/control_ws/build/xarm6_cpp_control -- -j20 -l20
[7.157s] Invoking command in '/home/javierac/control_ws/build/xarm6_cpp_control': CMAKE_PREFIX_PATH=${CMAKE_PREFIX_PATH}:/home/xarm_ws/install/uf_ros_lib:/opt/ros/jazzy /usr/bin/cmake --install /home/javierac/control_ws/build/xarm6_cpp_control
[7.171s] -- Install configuration: ""
[7.171s] -- Installing: /home/javierac/control_ws/install/xarm6_cpp_control/share/ament_index/resource_index/package_run_dependencies/xarm6_cpp_control
[7.171s] -- Installing: /home/javierac/control_ws/install/xarm6_cpp_control/share/ament_index/resource_index/parent_prefix_path/xarm6_cpp_control
[7.172s] -- Installing: /home/javierac/control_ws/install/xarm6_cpp_control/share/xarm6_cpp_control/environment/ament_prefix_path.sh
[7.172s] -- Installing: /home/javierac/control_ws/install/xarm6_cpp_control/share/xarm6_cpp_control/environment/ament_prefix_path.dsv
[7.172s] -- Installing: /home/javierac/control_ws/install/xarm6_cpp_control/share/xarm6_cpp_control/environment/path.sh
[7.172s] -- Installing: /home/javierac/control_ws/install/xarm6_cpp_control/share/xarm6_cpp_control/environment/path.dsv
[7.172s] -- Installing: /home/javierac/control_ws/install/xarm6_cpp_control/share/xarm6_cpp_control/local_setup.bash
[7.172s] -- Installing: /home/javierac/control_ws/install/xarm6_cpp_control/share/xarm6_cpp_control/local_setup.sh
[7.173s] -- Installing: /home/javierac/control_ws/install/xarm6_cpp_control/share/xarm6_cpp_control/local_setup.zsh
[7.173s] -- Installing: /home/javierac/control_ws/install/xarm6_cpp_control/share/xarm6_cpp_control/local_setup.dsv
[7.173s] -- Installing: /home/javierac/control_ws/install/xarm6_cpp_control/share/xarm6_cpp_control/package.dsv
[7.173s] -- Installing: /home/javierac/control_ws/install/xarm6_cpp_control/share/ament_index/resource_index/packages/xarm6_cpp_control
[7.173s] -- Installing: /home/javierac/control_ws/install/xarm6_cpp_control/share/xarm6_cpp_control/cmake/xarm6_cpp_controlConfig.cmake
[7.173s] -- Installing: /home/javierac/control_ws/install/xarm6_cpp_control/share/xarm6_cpp_control/cmake/xarm6_cpp_controlConfig-version.cmake
[7.173s] -- Installing: /home/javierac/control_ws/install/xarm6_cpp_control/share/xarm6_cpp_control/package.xml
[7.173s] -- Installing: /home/javierac/control_ws/install/xarm6_cpp_control/lib/xarm6_cpp_control/xarm6_action_client
[7.175s] -- Set non-toolchain portion of runtime path of "/home/javierac/control_ws/install/xarm6_cpp_control/lib/xarm6_cpp_control/xarm6_action_client" to ""
[7.177s] Invoked command in '/home/javierac/control_ws/build/xarm6_cpp_control' returned '0': CMAKE_PREFIX_PATH=${CMAKE_PREFIX_PATH}:/home/xarm_ws/install/uf_ros_lib:/opt/ros/jazzy /usr/bin/cmake --install /home/javierac/control_ws/build/xarm6_cpp_control
