[0.144s] DEBUG:colcon:Command line arguments: ['/usr/bin/colcon', 'build']
[0.144s] DEBUG:colcon:Parsed command line arguments: Namespace(log_base=None, log_level=None, verb_name='build', build_base='build', install_base='install', merge_install=False, symlink_install=False, test_result_base=None, continue_on_error=False, executor='parallel', parallel_workers=20, event_handlers=None, ignore_user_meta=False, metas=['./colcon.meta'], base_paths=['.'], packages_ignore=None, packages_ignore_regex=None, paths=None, packages_up_to=None, packages_up_to_regex=None, packages_above=None, packages_above_and_dependencies=None, packages_above_depth=None, packages_select_by_dep=None, packages_skip_by_dep=None, packages_skip_up_to=None, packages_select_build_failed=False, packages_skip_build_finished=False, packages_select_test_failures=False, packages_skip_test_passed=False, packages_select=None, packages_skip=None, packages_select_regex=None, packages_skip_regex=None, packages_start=None, packages_end=None, cmake_args=None, cmake_target=None, cmake_target_skip_unavailable=False, cmake_clean_cache=False, cmake_clean_first=False, cmake_force_configure=False, ament_cmake_args=None, catkin_cmake_args=None, catkin_skip_building_tests=False, mixin_files=None, mixin=None, verb_parser=<colcon_mixin.mixin.mixin_argument.MixinArgumentDecorator object at 0x7c92266dd730>, verb_extension=<colcon_core.verb.build.BuildVerb object at 0x7c92266dd550>, main=<bound method BuildVerb.main of <colcon_core.verb.build.BuildVerb object at 0x7c92266dd550>>, mixin_verb=('build',))
[0.196s] Level 1:colcon.colcon_core.package_discovery:discover_packages(colcon_meta) check parameters
[0.197s] INFO:colcon.colcon_metadata.package_discovery.colcon_meta:Using configuration from '/root/.colcon/metadata/default/Gazebo.meta'
[0.198s] INFO:colcon.colcon_metadata.package_discovery.colcon_meta:Using configuration from '/root/.colcon/metadata/default/fastdds.meta'
[0.199s] INFO:colcon.colcon_metadata.package_discovery.colcon_meta:Using configuration from '/root/.colcon/metadata/default/fastrtps.meta'
[0.199s] Level 1:colcon.colcon_core.package_discovery:discover_packages(recursive) check parameters
[0.199s] Level 1:colcon.colcon_core.package_discovery:discover_packages(ignore) check parameters
[0.199s] Level 1:colcon.colcon_core.package_discovery:discover_packages(path) check parameters
[0.199s] Level 1:colcon.colcon_core.package_discovery:discover_packages(colcon_meta) discover
[0.199s] Level 1:colcon.colcon_core.package_discovery:discover_packages(recursive) discover
[0.199s] INFO:colcon.colcon_core.package_discovery:Crawling recursively for packages in '/home/javierac/control_ws'
[0.199s] Level 1:colcon.colcon_core.package_identification:_identify(.) by extensions ['ignore', 'ignore_ament_install']
[0.199s] Level 1:colcon.colcon_core.package_identification:_identify(.) by extension 'ignore'
[0.199s] Level 1:colcon.colcon_core.package_identification:_identify(.) by extension 'ignore_ament_install'
[0.199s] Level 1:colcon.colcon_core.package_identification:_identify(.) by extensions ['colcon_pkg']
[0.199s] Level 1:colcon.colcon_core.package_identification:_identify(.) by extension 'colcon_pkg'
[0.199s] Level 1:colcon.colcon_core.package_identification:_identify(.) by extensions ['colcon_meta']
[0.200s] Level 1:colcon.colcon_core.package_identification:_identify(.) by extension 'colcon_meta'
[0.200s] Level 1:colcon.colcon_core.package_identification:_identify(.) by extensions ['ros']
[0.200s] Level 1:colcon.colcon_core.package_identification:_identify(.) by extension 'ros'
[0.234s] Level 1:colcon.colcon_core.package_identification:_identify(.) by extensions ['cmake', 'python']
[0.234s] Level 1:colcon.colcon_core.package_identification:_identify(.) by extension 'cmake'
[0.234s] Level 1:colcon.colcon_core.package_identification:_identify(.) by extension 'python'
[0.234s] Level 1:colcon.colcon_core.package_identification:_identify(.) by extensions ['python_setup_py']
[0.234s] Level 1:colcon.colcon_core.package_identification:_identify(.) by extension 'python_setup_py'
[0.234s] Level 1:colcon.colcon_core.package_identification:_identify(build) by extensions ['ignore', 'ignore_ament_install']
[0.234s] Level 1:colcon.colcon_core.package_identification:_identify(build) by extension 'ignore'
[0.234s] Level 1:colcon.colcon_core.package_identification:_identify(build) ignored
[0.234s] Level 1:colcon.colcon_core.package_identification:_identify(install) by extensions ['ignore', 'ignore_ament_install']
[0.234s] Level 1:colcon.colcon_core.package_identification:_identify(install) by extension 'ignore'
[0.234s] Level 1:colcon.colcon_core.package_identification:_identify(install) ignored
[0.234s] Level 1:colcon.colcon_core.package_identification:_identify(log) by extensions ['ignore', 'ignore_ament_install']
[0.235s] Level 1:colcon.colcon_core.package_identification:_identify(log) by extension 'ignore'
[0.235s] Level 1:colcon.colcon_core.package_identification:_identify(log) ignored
[0.235s] Level 1:colcon.colcon_core.package_identification:_identify(src) by extensions ['ignore', 'ignore_ament_install']
[0.235s] Level 1:colcon.colcon_core.package_identification:_identify(src) by extension 'ignore'
[0.235s] Level 1:colcon.colcon_core.package_identification:_identify(src) by extension 'ignore_ament_install'
[0.235s] Level 1:colcon.colcon_core.package_identification:_identify(src) by extensions ['colcon_pkg']
[0.235s] Level 1:colcon.colcon_core.package_identification:_identify(src) by extension 'colcon_pkg'
[0.235s] Level 1:colcon.colcon_core.package_identification:_identify(src) by extensions ['colcon_meta']
[0.235s] Level 1:colcon.colcon_core.package_identification:_identify(src) by extension 'colcon_meta'
[0.235s] Level 1:colcon.colcon_core.package_identification:_identify(src) by extensions ['ros']
[0.235s] Level 1:colcon.colcon_core.package_identification:_identify(src) by extension 'ros'
[0.235s] Level 1:colcon.colcon_core.package_identification:_identify(src) by extensions ['cmake', 'python']
[0.235s] Level 1:colcon.colcon_core.package_identification:_identify(src) by extension 'cmake'
[0.235s] Level 1:colcon.colcon_core.package_identification:_identify(src) by extension 'python'
[0.235s] Level 1:colcon.colcon_core.package_identification:_identify(src) by extensions ['python_setup_py']
[0.235s] Level 1:colcon.colcon_core.package_identification:_identify(src) by extension 'python_setup_py'
[0.236s] Level 1:colcon.colcon_core.package_identification:_identify(src/xarm6_cpp_control) by extensions ['ignore', 'ignore_ament_install']
[0.236s] Level 1:colcon.colcon_core.package_identification:_identify(src/xarm6_cpp_control) by extension 'ignore'
[0.236s] Level 1:colcon.colcon_core.package_identification:_identify(src/xarm6_cpp_control) by extension 'ignore_ament_install'
[0.236s] Level 1:colcon.colcon_core.package_identification:_identify(src/xarm6_cpp_control) by extensions ['colcon_pkg']
[0.236s] Level 1:colcon.colcon_core.package_identification:_identify(src/xarm6_cpp_control) by extension 'colcon_pkg'
[0.236s] Level 1:colcon.colcon_core.package_identification:_identify(src/xarm6_cpp_control) by extensions ['colcon_meta']
[0.236s] Level 1:colcon.colcon_core.package_identification:_identify(src/xarm6_cpp_control) by extension 'colcon_meta'
[0.236s] Level 1:colcon.colcon_core.package_identification:_identify(src/xarm6_cpp_control) by extensions ['ros']
[0.236s] Level 1:colcon.colcon_core.package_identification:_identify(src/xarm6_cpp_control) by extension 'ros'
[0.239s] DEBUG:colcon.colcon_core.package_identification:Package 'src/xarm6_cpp_control' with type 'ros.ament_cmake' and name 'xarm6_cpp_control'
[0.239s] Level 1:colcon.colcon_core.package_discovery:discover_packages(recursive) using defaults
[0.239s] Level 1:colcon.colcon_core.package_discovery:discover_packages(ignore) discover
[0.239s] Level 1:colcon.colcon_core.package_discovery:discover_packages(ignore) using defaults
[0.239s] Level 1:colcon.colcon_core.package_discovery:discover_packages(path) discover
[0.239s] Level 1:colcon.colcon_core.package_discovery:discover_packages(path) using defaults
[0.262s] Level 5:colcon.colcon_core.verb:set package 'xarm6_cpp_control' build argument 'cmake_args' from command line to 'None'
[0.262s] Level 5:colcon.colcon_core.verb:set package 'xarm6_cpp_control' build argument 'cmake_target' from command line to 'None'
[0.262s] Level 5:colcon.colcon_core.verb:set package 'xarm6_cpp_control' build argument 'cmake_target_skip_unavailable' from command line to 'False'
[0.262s] Level 5:colcon.colcon_core.verb:set package 'xarm6_cpp_control' build argument 'cmake_clean_cache' from command line to 'False'
[0.262s] Level 5:colcon.colcon_core.verb:set package 'xarm6_cpp_control' build argument 'cmake_clean_first' from command line to 'False'
[0.262s] Level 5:colcon.colcon_core.verb:set package 'xarm6_cpp_control' build argument 'cmake_force_configure' from command line to 'False'
[0.262s] Level 5:colcon.colcon_core.verb:set package 'xarm6_cpp_control' build argument 'ament_cmake_args' from command line to 'None'
[0.262s] Level 5:colcon.colcon_core.verb:set package 'xarm6_cpp_control' build argument 'catkin_cmake_args' from command line to 'None'
[0.262s] Level 5:colcon.colcon_core.verb:set package 'xarm6_cpp_control' build argument 'catkin_skip_building_tests' from command line to 'False'
[0.262s] DEBUG:colcon.colcon_core.verb:Building package 'xarm6_cpp_control' with the following arguments: {'ament_cmake_args': None, 'build_base': '/home/javierac/control_ws/build/xarm6_cpp_control', 'catkin_cmake_args': None, 'catkin_skip_building_tests': False, 'cmake_args': None, 'cmake_clean_cache': False, 'cmake_clean_first': False, 'cmake_force_configure': False, 'cmake_target': None, 'cmake_target_skip_unavailable': False, 'install_base': '/home/javierac/control_ws/install/xarm6_cpp_control', 'merge_install': False, 'path': '/home/javierac/control_ws/src/xarm6_cpp_control', 'symlink_install': False, 'test_result_base': None}
[0.262s] INFO:colcon.colcon_core.executor:Executing jobs using 'parallel' executor
[0.263s] DEBUG:colcon.colcon_parallel_executor.executor.parallel:run_until_complete
[0.264s] INFO:colcon.colcon_ros.task.ament_cmake.build:Building ROS package in '/home/javierac/control_ws/src/xarm6_cpp_control' with build type 'ament_cmake'
[0.264s] INFO:colcon.colcon_cmake.task.cmake.build:Building CMake package in '/home/javierac/control_ws/src/xarm6_cpp_control'
[0.267s] INFO:colcon.colcon_core.plugin_system:Skipping extension 'colcon_core.shell.bat': Not used on non-Windows systems
[0.267s] INFO:colcon.colcon_core.shell:Skip shell extension 'powershell' for command environment: Not usable outside of PowerShell
[0.267s] DEBUG:colcon.colcon_core.shell:Skip shell extension 'dsv' for command environment
[0.280s] DEBUG:colcon.colcon_core.event_handler.log_command:Invoking command in '/home/javierac/control_ws/build/xarm6_cpp_control': CMAKE_PREFIX_PATH=${CMAKE_PREFIX_PATH}:/home/xarm_ws/install/uf_ros_lib:/opt/ros/jazzy /usr/bin/cmake --build /home/javierac/control_ws/build/xarm6_cpp_control -- -j20 -l20
[8.593s] DEBUG:colcon.colcon_core.event_handler.log_command:Invoked command in '/home/javierac/control_ws/build/xarm6_cpp_control' returned '0': CMAKE_PREFIX_PATH=${CMAKE_PREFIX_PATH}:/home/xarm_ws/install/uf_ros_lib:/opt/ros/jazzy /usr/bin/cmake --build /home/javierac/control_ws/build/xarm6_cpp_control -- -j20 -l20
[8.605s] DEBUG:colcon.colcon_core.event_handler.log_command:Invoking command in '/home/javierac/control_ws/build/xarm6_cpp_control': CMAKE_PREFIX_PATH=${CMAKE_PREFIX_PATH}:/home/xarm_ws/install/uf_ros_lib:/opt/ros/jazzy /usr/bin/cmake --install /home/javierac/control_ws/build/xarm6_cpp_control
[8.621s] Level 1:colcon.colcon_core.environment:create_environment_scripts_only(xarm6_cpp_control)
[8.622s] DEBUG:colcon.colcon_core.event_handler.log_command:Invoked command in '/home/javierac/control_ws/build/xarm6_cpp_control' returned '0': CMAKE_PREFIX_PATH=${CMAKE_PREFIX_PATH}:/home/xarm_ws/install/uf_ros_lib:/opt/ros/jazzy /usr/bin/cmake --install /home/javierac/control_ws/build/xarm6_cpp_control
[8.625s] Level 1:colcon.colcon_core.environment:checking '/home/javierac/control_ws/install/xarm6_cpp_control' for CMake module files
[8.627s] Level 1:colcon.colcon_core.environment:checking '/home/javierac/control_ws/install/xarm6_cpp_control' for CMake config files
[8.627s] Level 1:colcon.colcon_core.shell:create_environment_hook('xarm6_cpp_control', 'cmake_prefix_path')
[8.627s] INFO:colcon.colcon_core.shell:Creating environment hook '/home/javierac/control_ws/install/xarm6_cpp_control/share/xarm6_cpp_control/hook/cmake_prefix_path.ps1'
[8.629s] INFO:colcon.colcon_core.shell:Creating environment descriptor '/home/javierac/control_ws/install/xarm6_cpp_control/share/xarm6_cpp_control/hook/cmake_prefix_path.dsv'
[8.630s] INFO:colcon.colcon_core.shell:Creating environment hook '/home/javierac/control_ws/install/xarm6_cpp_control/share/xarm6_cpp_control/hook/cmake_prefix_path.sh'
[8.631s] Level 1:colcon.colcon_core.environment:checking '/home/javierac/control_ws/install/xarm6_cpp_control/lib'
[8.632s] Level 1:colcon.colcon_core.environment:checking '/home/javierac/control_ws/install/xarm6_cpp_control/bin'
[8.632s] Level 1:colcon.colcon_core.environment:checking '/home/javierac/control_ws/install/xarm6_cpp_control/lib/pkgconfig/xarm6_cpp_control.pc'
[8.634s] Level 1:colcon.colcon_core.environment:checking '/home/javierac/control_ws/install/xarm6_cpp_control/lib/python3.12/site-packages'
[8.634s] Level 1:colcon.colcon_core.environment:checking '/home/javierac/control_ws/install/xarm6_cpp_control/bin'
[8.634s] INFO:colcon.colcon_core.shell:Creating package script '/home/javierac/control_ws/install/xarm6_cpp_control/share/xarm6_cpp_control/package.ps1'
[8.635s] INFO:colcon.colcon_core.shell:Creating package descriptor '/home/javierac/control_ws/install/xarm6_cpp_control/share/xarm6_cpp_control/package.dsv'
[8.636s] INFO:colcon.colcon_core.shell:Creating package script '/home/javierac/control_ws/install/xarm6_cpp_control/share/xarm6_cpp_control/package.sh'
[8.636s] INFO:colcon.colcon_core.shell:Creating package script '/home/javierac/control_ws/install/xarm6_cpp_control/share/xarm6_cpp_control/package.bash'
[8.637s] INFO:colcon.colcon_core.shell:Creating package script '/home/javierac/control_ws/install/xarm6_cpp_control/share/xarm6_cpp_control/package.zsh'
[8.637s] Level 1:colcon.colcon_core.environment:create_file_with_runtime_dependencies(/home/javierac/control_ws/install/xarm6_cpp_control/share/colcon-core/packages/xarm6_cpp_control)
[8.638s] Level 1:colcon.colcon_core.environment:create_environment_scripts_only(xarm6_cpp_control)
[8.638s] Level 1:colcon.colcon_core.environment:checking '/home/javierac/control_ws/install/xarm6_cpp_control' for CMake module files
[8.638s] Level 1:colcon.colcon_core.environment:checking '/home/javierac/control_ws/install/xarm6_cpp_control' for CMake config files
[8.639s] Level 1:colcon.colcon_core.shell:create_environment_hook('xarm6_cpp_control', 'cmake_prefix_path')
[8.639s] INFO:colcon.colcon_core.shell:Creating environment hook '/home/javierac/control_ws/install/xarm6_cpp_control/share/xarm6_cpp_control/hook/cmake_prefix_path.ps1'
[8.639s] INFO:colcon.colcon_core.shell:Creating environment descriptor '/home/javierac/control_ws/install/xarm6_cpp_control/share/xarm6_cpp_control/hook/cmake_prefix_path.dsv'
[8.639s] INFO:colcon.colcon_core.shell:Creating environment hook '/home/javierac/control_ws/install/xarm6_cpp_control/share/xarm6_cpp_control/hook/cmake_prefix_path.sh'
[8.640s] Level 1:colcon.colcon_core.environment:checking '/home/javierac/control_ws/install/xarm6_cpp_control/lib'
[8.640s] Level 1:colcon.colcon_core.environment:checking '/home/javierac/control_ws/install/xarm6_cpp_control/bin'
[8.640s] Level 1:colcon.colcon_core.environment:checking '/home/javierac/control_ws/install/xarm6_cpp_control/lib/pkgconfig/xarm6_cpp_control.pc'
[8.641s] Level 1:colcon.colcon_core.environment:checking '/home/javierac/control_ws/install/xarm6_cpp_control/lib/python3.12/site-packages'
[8.641s] Level 1:colcon.colcon_core.environment:checking '/home/javierac/control_ws/install/xarm6_cpp_control/bin'
[8.641s] INFO:colcon.colcon_core.shell:Creating package script '/home/javierac/control_ws/install/xarm6_cpp_control/share/xarm6_cpp_control/package.ps1'
[8.642s] INFO:colcon.colcon_core.shell:Creating package descriptor '/home/javierac/control_ws/install/xarm6_cpp_control/share/xarm6_cpp_control/package.dsv'
[8.642s] INFO:colcon.colcon_core.shell:Creating package script '/home/javierac/control_ws/install/xarm6_cpp_control/share/xarm6_cpp_control/package.sh'
[8.643s] INFO:colcon.colcon_core.shell:Creating package script '/home/javierac/control_ws/install/xarm6_cpp_control/share/xarm6_cpp_control/package.bash'
[8.644s] INFO:colcon.colcon_core.shell:Creating package script '/home/javierac/control_ws/install/xarm6_cpp_control/share/xarm6_cpp_control/package.zsh'
[8.644s] Level 1:colcon.colcon_core.environment:create_file_with_runtime_dependencies(/home/javierac/control_ws/install/xarm6_cpp_control/share/colcon-core/packages/xarm6_cpp_control)
[8.645s] DEBUG:colcon.colcon_parallel_executor.executor.parallel:closing loop
[8.645s] DEBUG:colcon.colcon_parallel_executor.executor.parallel:loop closed
[8.646s] DEBUG:colcon.colcon_parallel_executor.executor.parallel:run_until_complete finished with '0'
[8.646s] DEBUG:colcon.colcon_core.event_reactor:joining thread
[8.655s] INFO:colcon.colcon_core.plugin_system:Skipping extension 'colcon_notification.desktop_notification.notify_send': Could not find 'notify-send'
[8.655s] INFO:colcon.colcon_core.plugin_system:Skipping extension 'colcon_notification.desktop_notification.terminal_notifier': Not used on non-Darwin systems
[8.655s] INFO:colcon.colcon_core.plugin_system:Skipping extension 'colcon_notification.desktop_notification.win32': Not used on non-Windows systems
[8.655s] INFO:colcon.colcon_notification.desktop_notification:Sending desktop notification using 'notify2'
[8.657s] DEBUG:colcon.colcon_notification.desktop_notification.notify2:Failed to initialize notify2: org.freedesktop.DBus.Error.Spawn.ExecFailed: /usr/bin/dbus-launch terminated abnormally without any error message
[8.658s] DEBUG:colcon.colcon_core.event_reactor:joined thread
[8.658s] INFO:colcon.colcon_core.shell:Creating prefix script '/home/javierac/control_ws/install/local_setup.ps1'
[8.660s] INFO:colcon.colcon_core.shell:Creating prefix util module '/home/javierac/control_ws/install/_local_setup_util_ps1.py'
[8.662s] INFO:colcon.colcon_core.shell:Creating prefix chain script '/home/javierac/control_ws/install/setup.ps1'
[8.664s] INFO:colcon.colcon_core.shell:Creating prefix script '/home/javierac/control_ws/install/local_setup.sh'
[8.665s] INFO:colcon.colcon_core.shell:Creating prefix util module '/home/javierac/control_ws/install/_local_setup_util_sh.py'
[8.665s] INFO:colcon.colcon_core.shell:Creating prefix chain script '/home/javierac/control_ws/install/setup.sh'
[8.667s] INFO:colcon.colcon_core.shell:Creating prefix script '/home/javierac/control_ws/install/local_setup.bash'
[8.667s] INFO:colcon.colcon_core.shell:Creating prefix chain script '/home/javierac/control_ws/install/setup.bash'
[8.669s] INFO:colcon.colcon_core.shell:Creating prefix script '/home/javierac/control_ws/install/local_setup.zsh'
[8.669s] INFO:colcon.colcon_core.shell:Creating prefix chain script '/home/javierac/control_ws/install/setup.zsh'
