-- The C compiler identification is GNU 13.3.0
-- The CXX compiler identification is GNU 13.3.0
-- Detecting C compiler ABI info
-- Detecting C compiler ABI info - done
-- Check for working C compiler: /usr/bin/cc - skipped
-- Detecting C compile features
-- Detecting C compile features - done
-- Detecting CXX compiler ABI info
-- Detecting CXX compiler ABI info - done
-- Check for working CXX compiler: /usr/bin/c++ - skipped
-- Detecting CXX compile features
-- Detecting CXX compile features - done
-- Found ament_cmake: 2.5.4 (/opt/ros/jazzy/share/ament_cmake/cmake)
-- Found Python3: /usr/bin/python3 (found version "3.12.3") found components: Interpreter 
-- Found ament_lint_auto: 0.17.2 (/opt/ros/jazzy/share/ament_lint_auto/cmake)
-- Added test 'cppcheck' to perform static code analysis on C / C++ code
-- Configured cppcheck include dirs: 
-- Configured cppcheck exclude dirs and/or files: 
-- Added test 'flake8' to check Python code syntax and style conventions
-- Configured 'flake8' exclude dirs and/or files: 
-- Added test 'lint_cmake' to check CMake code style
-- Added test 'pep257' to check Python code against some of the docstring style conventions in PEP 257
-- Added test 'uncrustify' to check C / C++ code style
-- Configured uncrustify additional arguments: 
-- Added test 'xmllint' to check XML markup files
-- Configuring done (0.9s)
-- Generating done (0.0s)
-- Build files have been written to: /home/javierac/vpc_ws/camera_robot/build/camera_robot
-- Install configuration: ""
-- Installing: /home/javierac/vpc_ws/camera_robot/install/camera_robot/share/camera_robot/launch
-- Installing: /home/javierac/vpc_ws/camera_robot/install/camera_robot/share/camera_robot/launch/launch.py
-- Installing: /home/javierac/vpc_ws/camera_robot/install/camera_robot/share/camera_robot/urdf
-- Installing: /home/javierac/vpc_ws/camera_robot/install/camera_robot/share/camera_robot/urdf/robot.xacro
-- Installing: /home/javierac/vpc_ws/camera_robot/install/camera_robot/share/camera_robot/worlds
-- Installing: /home/javierac/vpc_ws/camera_robot/install/camera_robot/share/camera_robot/worlds/world.sdf
-- Installing: /home/javierac/vpc_ws/camera_robot/install/camera_robot/share/ament_index/resource_index/package_run_dependencies/camera_robot
-- Installing: /home/javierac/vpc_ws/camera_robot/install/camera_robot/share/ament_index/resource_index/parent_prefix_path/camera_robot
-- Installing: /home/javierac/vpc_ws/camera_robot/install/camera_robot/share/camera_robot/environment/ament_prefix_path.sh
-- Installing: /home/javierac/vpc_ws/camera_robot/install/camera_robot/share/camera_robot/environment/ament_prefix_path.dsv
-- Installing: /home/javierac/vpc_ws/camera_robot/install/camera_robot/share/camera_robot/environment/path.sh
-- Installing: /home/javierac/vpc_ws/camera_robot/install/camera_robot/share/camera_robot/environment/path.dsv
-- Installing: /home/javierac/vpc_ws/camera_robot/install/camera_robot/share/camera_robot/local_setup.bash
-- Installing: /home/javierac/vpc_ws/camera_robot/install/camera_robot/share/camera_robot/local_setup.sh
-- Installing: /home/javierac/vpc_ws/camera_robot/install/camera_robot/share/camera_robot/local_setup.zsh
-- Installing: /home/javierac/vpc_ws/camera_robot/install/camera_robot/share/camera_robot/local_setup.dsv
-- Installing: /home/javierac/vpc_ws/camera_robot/install/camera_robot/share/camera_robot/package.dsv
-- Installing: /home/javierac/vpc_ws/camera_robot/install/camera_robot/share/ament_index/resource_index/packages/camera_robot
-- Installing: /home/javierac/vpc_ws/camera_robot/install/camera_robot/share/camera_robot/cmake/camera_robotConfig.cmake
-- Installing: /home/javierac/vpc_ws/camera_robot/install/camera_robot/share/camera_robot/cmake/camera_robotConfig-version.cmake
-- Installing: /home/javierac/vpc_ws/camera_robot/install/camera_robot/share/camera_robot/package.xml
