[0.014s] Invoking command in '/home/javierac/vpc_ws/camera_robot/build/camera_robot': CMAKE_PREFIX_PATH=${CMAKE_PREFIX_PATH}:/home/xarm_ws/install/uf_ros_lib:/opt/ros/jazzy /usr/bin/cmake /home/javierac/vpc_ws/camera_robot -DCMAKE_INSTALL_PREFIX=/home/javierac/vpc_ws/camera_robot/install/camera_robot
[0.082s] -- The C compiler identification is GNU 13.3.0
[0.146s] -- The CXX compiler identification is GNU 13.3.0
[0.168s] -- Detecting C compiler ABI info
[0.279s] -- Detecting C compiler ABI info - done
[0.288s] -- Check for working C compiler: /usr/bin/cc - skipped
[0.289s] -- Detecting C compile features
[0.289s] -- Detecting C compile features - done
[0.303s] -- Detecting CXX compiler ABI info
[0.419s] -- Detecting CXX compiler ABI info - done
[0.428s] -- Check for working CXX compiler: /usr/bin/c++ - skipped
[0.428s] -- Detecting CXX compile features
[0.429s] -- Detecting CXX compile features - done
[0.435s] -- Found ament_cmake: 2.5.4 (/opt/ros/jazzy/share/ament_cmake/cmake)
[0.615s] -- Found Python3: /usr/bin/python3 (found version "3.12.3") found components: Interpreter 
[0.775s] -- Found ament_lint_auto: 0.17.2 (/opt/ros/jazzy/share/ament_lint_auto/cmake)
[0.913s] -- Added test 'cppcheck' to perform static code analysis on C / C++ code
[0.913s] -- Configured cppcheck include dirs: 
[0.913s] -- Configured cppcheck exclude dirs and/or files: 
[0.915s] -- Added test 'flake8' to check Python code syntax and style conventions
[0.915s] -- Configured 'flake8' exclude dirs and/or files: 
[0.917s] -- Added test 'lint_cmake' to check CMake code style
[0.919s] -- Added test 'pep257' to check Python code against some of the docstring style conventions in PEP 257
[0.924s] -- Added test 'uncrustify' to check C / C++ code style
[0.924s] -- Configured uncrustify additional arguments: 
[0.926s] -- Added test 'xmllint' to check XML markup files
[0.928s] -- Configuring done (0.9s)
[0.931s] -- Generating done (0.0s)
[0.932s] -- Build files have been written to: /home/javierac/vpc_ws/camera_robot/build/camera_robot
[0.938s] Invoked command in '/home/javierac/vpc_ws/camera_robot/build/camera_robot' returned '0': CMAKE_PREFIX_PATH=${CMAKE_PREFIX_PATH}:/home/xarm_ws/install/uf_ros_lib:/opt/ros/jazzy /usr/bin/cmake /home/javierac/vpc_ws/camera_robot -DCMAKE_INSTALL_PREFIX=/home/javierac/vpc_ws/camera_robot/install/camera_robot
[0.939s] Invoking command in '/home/javierac/vpc_ws/camera_robot/build/camera_robot': CMAKE_PREFIX_PATH=${CMAKE_PREFIX_PATH}:/home/xarm_ws/install/uf_ros_lib:/opt/ros/jazzy /usr/bin/cmake --build /home/javierac/vpc_ws/camera_robot/build/camera_robot -- -j20 -l20
[0.988s] Invoked command in '/home/javierac/vpc_ws/camera_robot/build/camera_robot' returned '0': CMAKE_PREFIX_PATH=${CMAKE_PREFIX_PATH}:/home/xarm_ws/install/uf_ros_lib:/opt/ros/jazzy /usr/bin/cmake --build /home/javierac/vpc_ws/camera_robot/build/camera_robot -- -j20 -l20
[0.998s] Invoking command in '/home/javierac/vpc_ws/camera_robot/build/camera_robot': CMAKE_PREFIX_PATH=${CMAKE_PREFIX_PATH}:/home/xarm_ws/install/uf_ros_lib:/opt/ros/jazzy /usr/bin/cmake --install /home/javierac/vpc_ws/camera_robot/build/camera_robot
[1.006s] -- Install configuration: ""
[1.006s] -- Installing: /home/javierac/vpc_ws/camera_robot/install/camera_robot/share/camera_robot/launch
[1.006s] -- Installing: /home/javierac/vpc_ws/camera_robot/install/camera_robot/share/camera_robot/launch/launch.py
[1.007s] -- Installing: /home/javierac/vpc_ws/camera_robot/install/camera_robot/share/camera_robot/urdf
[1.007s] -- Installing: /home/javierac/vpc_ws/camera_robot/install/camera_robot/share/camera_robot/urdf/robot.xacro
[1.007s] -- Installing: /home/javierac/vpc_ws/camera_robot/install/camera_robot/share/camera_robot/worlds
[1.007s] -- Installing: /home/javierac/vpc_ws/camera_robot/install/camera_robot/share/camera_robot/worlds/world.sdf
[1.007s] -- Installing: /home/javierac/vpc_ws/camera_robot/install/camera_robot/share/ament_index/resource_index/package_run_dependencies/camera_robot
[1.007s] -- Installing: /home/javierac/vpc_ws/camera_robot/install/camera_robot/share/ament_index/resource_index/parent_prefix_path/camera_robot
[1.007s] -- Installing: /home/javierac/vpc_ws/camera_robot/install/camera_robot/share/camera_robot/environment/ament_prefix_path.sh
[1.007s] -- Installing: /home/javierac/vpc_ws/camera_robot/install/camera_robot/share/camera_robot/environment/ament_prefix_path.dsv
[1.007s] -- Installing: /home/javierac/vpc_ws/camera_robot/install/camera_robot/share/camera_robot/environment/path.sh
[1.007s] -- Installing: /home/javierac/vpc_ws/camera_robot/install/camera_robot/share/camera_robot/environment/path.dsv
[1.007s] -- Installing: /home/javierac/vpc_ws/camera_robot/install/camera_robot/share/camera_robot/local_setup.bash
[1.007s] -- Installing: /home/javierac/vpc_ws/camera_robot/install/camera_robot/share/camera_robot/local_setup.sh
[1.008s] -- Installing: /home/javierac/vpc_ws/camera_robot/install/camera_robot/share/camera_robot/local_setup.zsh
[1.008s] -- Installing: /home/javierac/vpc_ws/camera_robot/install/camera_robot/share/camera_robot/local_setup.dsv
[1.008s] -- Installing: /home/javierac/vpc_ws/camera_robot/install/camera_robot/share/camera_robot/package.dsv
[1.008s] -- Installing: /home/javierac/vpc_ws/camera_robot/install/camera_robot/share/ament_index/resource_index/packages/camera_robot
[1.008s] -- Installing: /home/javierac/vpc_ws/camera_robot/install/camera_robot/share/camera_robot/cmake/camera_robotConfig.cmake
[1.008s] -- Installing: /home/javierac/vpc_ws/camera_robot/install/camera_robot/share/camera_robot/cmake/camera_robotConfig-version.cmake
[1.008s] -- Installing: /home/javierac/vpc_ws/camera_robot/install/camera_robot/share/camera_robot/package.xml
[1.010s] Invoked command in '/home/javierac/vpc_ws/camera_robot/build/camera_robot' returned '0': CMAKE_PREFIX_PATH=${CMAKE_PREFIX_PATH}:/home/xarm_ws/install/uf_ros_lib:/opt/ros/jazzy /usr/bin/cmake --install /home/javierac/vpc_ws/camera_robot/build/camera_robot
