[0.019s] Invoking command in '/home/javierac/control_ws/build/xarm6_cpp_control': CMAKE_PREFIX_PATH=${CMAKE_PREFIX_PATH}:/home/xarm_ws/install/uf_ros_lib:/opt/ros/jazzy /usr/bin/cmake --build /home/javierac/control_ws/build/xarm6_cpp_control -- -j20 -l20
[0.113s] [ 50%] [32mBuilding CXX object CMakeFiles/xarm6_action_client.dir/src/xarm6_action_client.cpp.o[0m
[7.874s] [100%] [32m[1mLinking CXX executable xarm6_action_client[0m
[8.193s] [100%] Built target xarm6_action_client
[8.213s] Invoked command in '/home/javierac/control_ws/build/xarm6_cpp_control' returned '0': CMAKE_PREFIX_PATH=${CMAKE_PREFIX_PATH}:/home/xarm_ws/install/uf_ros_lib:/opt/ros/jazzy /usr/bin/cmake --build /home/javierac/control_ws/build/xarm6_cpp_control -- -j20 -l20
[8.227s] Invoking command in '/home/javierac/control_ws/build/xarm6_cpp_control': CMAKE_PREFIX_PATH=${CMAKE_PREFIX_PATH}:/home/xarm_ws/install/uf_ros_lib:/opt/ros/jazzy /usr/bin/cmake --install /home/javierac/control_ws/build/xarm6_cpp_control
[8.240s] -- Install configuration: ""
[8.241s] -- Up-to-date: /home/javierac/control_ws/install/xarm6_cpp_control/share/ament_index/resource_index/package_run_dependencies/xarm6_cpp_control
[8.241s] -- Up-to-date: /home/javierac/control_ws/install/xarm6_cpp_control/share/ament_index/resource_index/parent_prefix_path/xarm6_cpp_control
[8.242s] -- Up-to-date: /home/javierac/control_ws/install/xarm6_cpp_control/share/xarm6_cpp_control/environment/ament_prefix_path.sh
[8.242s] -- Up-to-date: /home/javierac/control_ws/install/xarm6_cpp_control/share/xarm6_cpp_control/environment/ament_prefix_path.dsv
[8.242s] -- Up-to-date: /home/javierac/control_ws/install/xarm6_cpp_control/share/xarm6_cpp_control/environment/path.sh
[8.242s] -- Up-to-date: /home/javierac/control_ws/install/xarm6_cpp_control/share/xarm6_cpp_control/environment/path.dsv
[8.242s] -- Up-to-date: /home/javierac/control_ws/install/xarm6_cpp_control/share/xarm6_cpp_control/local_setup.bash
[8.242s] -- Up-to-date: /home/javierac/control_ws/install/xarm6_cpp_control/share/xarm6_cpp_control/local_setup.sh
[8.243s] -- Up-to-date: /home/javierac/control_ws/install/xarm6_cpp_control/share/xarm6_cpp_control/local_setup.zsh
[8.243s] -- Up-to-date: /home/javierac/control_ws/install/xarm6_cpp_control/share/xarm6_cpp_control/local_setup.dsv
[8.243s] -- Installing: /home/javierac/control_ws/install/xarm6_cpp_control/share/xarm6_cpp_control/package.dsv
[8.243s] -- Up-to-date: /home/javierac/control_ws/install/xarm6_cpp_control/share/ament_index/resource_index/packages/xarm6_cpp_control
[8.244s] -- Up-to-date: /home/javierac/control_ws/install/xarm6_cpp_control/share/xarm6_cpp_control/cmake/xarm6_cpp_controlConfig.cmake
[8.244s] -- Up-to-date: /home/javierac/control_ws/install/xarm6_cpp_control/share/xarm6_cpp_control/cmake/xarm6_cpp_controlConfig-version.cmake
[8.244s] -- Up-to-date: /home/javierac/control_ws/install/xarm6_cpp_control/share/xarm6_cpp_control/package.xml
[8.244s] -- Installing: /home/javierac/control_ws/install/xarm6_cpp_control/lib/xarm6_cpp_control/xarm6_action_client
[8.245s] -- Set non-toolchain portion of runtime path of "/home/javierac/control_ws/install/xarm6_cpp_control/lib/xarm6_cpp_control/xarm6_action_client" to ""
[8.248s] Invoked command in '/home/javierac/control_ws/build/xarm6_cpp_control' returned '0': CMAKE_PREFIX_PATH=${CMAKE_PREFIX_PATH}:/home/xarm_ws/install/uf_ros_lib:/opt/ros/jazzy /usr/bin/cmake --install /home/javierac/control_ws/build/xarm6_cpp_control
