/home/javierac/camera_gz/install/bme_gazebo_sensors_py/lib/python3.12/site-packages/bme_gazebo_sensors_py/__init__.py
/home/javierac/camera_gz/install/bme_gazebo_sensors_py/lib/python3.12/site-packages/bme_gazebo_sensors_py/haversine_test.py
/home/javierac/camera_gz/install/bme_gazebo_sensors_py/lib/python3.12/site-packages/bme_gazebo_sensors_py/gps_waypoint_follower.py
/home/javierac/camera_gz/install/bme_gazebo_sensors_py/lib/python3.12/site-packages/bme_gazebo_sensors_py/image_republisher.py
/home/javierac/camera_gz/install/bme_gazebo_sensors_py/lib/python3.12/site-packages/bme_gazebo_sensors_py/chase_the_ball.py
/home/javierac/camera_gz/install/bme_gazebo_sensors_py/lib/python3.12/site-packages/bme_gazebo_sensors_py/__pycache__/__init__.cpython-312.pyc
/home/javierac/camera_gz/install/bme_gazebo_sensors_py/lib/python3.12/site-packages/bme_gazebo_sensors_py/__pycache__/haversine_test.cpython-312.pyc
/home/javierac/camera_gz/install/bme_gazebo_sensors_py/lib/python3.12/site-packages/bme_gazebo_sensors_py/__pycache__/gps_waypoint_follower.cpython-312.pyc
/home/javierac/camera_gz/install/bme_gazebo_sensors_py/lib/python3.12/site-packages/bme_gazebo_sensors_py/__pycache__/image_republisher.cpython-312.pyc
/home/javierac/camera_gz/install/bme_gazebo_sensors_py/lib/python3.12/site-packages/bme_gazebo_sensors_py/__pycache__/chase_the_ball.cpython-312.pyc
/home/javierac/camera_gz/install/bme_gazebo_sensors_py/share/ament_index/resource_index/packages/bme_gazebo_sensors_py
/home/javierac/camera_gz/install/bme_gazebo_sensors_py/share/bme_gazebo_sensors_py/package.xml
/home/javierac/camera_gz/install/bme_gazebo_sensors_py/lib/python3.12/site-packages/bme_gazebo_sensors_py-1.0.0-py3.12.egg-info/dependency_links.txt
/home/javierac/camera_gz/install/bme_gazebo_sensors_py/lib/python3.12/site-packages/bme_gazebo_sensors_py-1.0.0-py3.12.egg-info/PKG-INFO
/home/javierac/camera_gz/install/bme_gazebo_sensors_py/lib/python3.12/site-packages/bme_gazebo_sensors_py-1.0.0-py3.12.egg-info/entry_points.txt
/home/javierac/camera_gz/install/bme_gazebo_sensors_py/lib/python3.12/site-packages/bme_gazebo_sensors_py-1.0.0-py3.12.egg-info/SOURCES.txt
/home/javierac/camera_gz/install/bme_gazebo_sensors_py/lib/python3.12/site-packages/bme_gazebo_sensors_py-1.0.0-py3.12.egg-info/requires.txt
/home/javierac/camera_gz/install/bme_gazebo_sensors_py/lib/python3.12/site-packages/bme_gazebo_sensors_py-1.0.0-py3.12.egg-info/zip-safe
/home/javierac/camera_gz/install/bme_gazebo_sensors_py/lib/python3.12/site-packages/bme_gazebo_sensors_py-1.0.0-py3.12.egg-info/top_level.txt
/home/javierac/camera_gz/install/bme_gazebo_sensors_py/lib/bme_gazebo_sensors_py/chase_the_ball
/home/javierac/camera_gz/install/bme_gazebo_sensors_py/lib/bme_gazebo_sensors_py/gps_waypoint_follower
/home/javierac/camera_gz/install/bme_gazebo_sensors_py/lib/bme_gazebo_sensors_py/image_republisher
