[0.014s] Invoking command in '/home/javierac/control_ws/build/xarm6_cpp_control': CMAKE_PREFIX_PATH=${CMAKE_PREFIX_PATH}:/home/xarm_ws/install/uf_ros_lib:/opt/ros/jazzy /usr/bin/cmake /home/javierac/control_ws/src/xarm6_cpp_control -DCMAKE_INSTALL_PREFIX=/home/javierac/control_ws/install/xarm6_cpp_control
[0.082s] -- The C compiler identification is GNU 13.3.0
[0.142s] -- The CXX compiler identification is GNU 13.3.0
[0.165s] -- Detecting C compiler ABI info
[0.275s] -- Detecting C compiler ABI info - done
[0.284s] -- Check for working C compiler: /usr/bin/cc - skipped
[0.284s] -- Detecting C compile features
[0.285s] -- Detecting C compile features - done
[0.298s] -- Detecting CXX compiler ABI info
[0.426s] -- Detecting CXX compiler ABI info - done
[0.435s] -- Check for working CXX compiler: /usr/bin/c++ - skipped
[0.435s] -- Detecting CXX compile features
[0.436s] -- Detecting CXX compile features - done
[0.442s] -- Found ament_cmake: 2.5.4 (/opt/ros/jazzy/share/ament_cmake/cmake)
[0.628s] -- Found Python3: /usr/bin/python3 (found version "3.12.3") found components: Interpreter 
[0.794s] -- Found rclcpp: 28.1.10 (/opt/ros/jazzy/share/rclcpp/cmake)
[0.867s] -- Found rosidl_generator_c: 4.6.5 (/opt/ros/jazzy/share/rosidl_generator_c/cmake)
[0.892s] -- Found rosidl_generator_cpp: 4.6.5 (/opt/ros/jazzy/share/rosidl_generator_cpp/cmake)
[0.919s] -- Using all available rosidl_typesupport_c: rosidl_typesupport_fastrtps_c;rosidl_typesupport_introspection_c
[0.949s] -- Using all available rosidl_typesupport_cpp: rosidl_typesupport_fastrtps_cpp;rosidl_typesupport_introspection_cpp
[1.066s] -- Found rmw_implementation_cmake: 7.3.2 (/opt/ros/jazzy/share/rmw_implementation_cmake/cmake)
[1.073s] -- Found rmw_fastrtps_cpp: 8.4.2 (/opt/ros/jazzy/share/rmw_fastrtps_cpp/cmake)
[1.203s] -- Found OpenSSL: /usr/lib/x86_64-linux-gnu/libcrypto.so (found version "3.0.13")  
[1.225s] -- Found FastRTPS: /opt/ros/jazzy/include (Required is at least version "2.13") 
[1.258s] -- Using RMW implementation 'rmw_fastrtps_cpp' as default
[1.363s] -- Found rclcpp_action: 28.1.10 (/opt/ros/jazzy/share/rclcpp_action/cmake)
[1.426s] -- Found moveit_msgs: 2.6.0 (/opt/ros/jazzy/share/moveit_msgs/cmake)
[1.704s] -- Found ament_lint_auto: 0.17.2 (/opt/ros/jazzy/share/ament_lint_auto/cmake)
[1.844s] -- Added test 'cppcheck' to perform static code analysis on C / C++ code
[1.844s] -- Configured cppcheck include dirs: 
[1.844s] -- Configured cppcheck exclude dirs and/or files: 
[1.845s] -- Added test 'lint_cmake' to check CMake code style
[1.847s] -- Added test 'uncrustify' to check C / C++ code style
[1.847s] -- Configured uncrustify additional arguments: 
[1.848s] -- Added test 'xmllint' to check XML markup files
[1.851s] -- Configuring done (1.8s)
[1.855s] [31mCMake Error at CMakeLists.txt:28 (add_executable):
[1.855s]   Cannot find source file:
[1.855s] 
[1.855s]     src/xarm6_action_client.cpp
[1.855s] 
[1.855s]   Tried extensions .c .C .c++ .cc .cpp .cxx .cu .mpp .m .M .mm .ixx .cppm
[1.855s]   .ccm .cxxm .c++m .h .hh .h++ .hm .hpp .hxx .in .txx .f .F .for .f77 .f90
[1.855s]   .f95 .f03 .hip .ispc
[1.855s] 
[1.855s] [0m
[1.858s] [31mCMake Error at CMakeLists.txt:28 (add_executable):
[1.858s]   No SOURCES given to target: xarm6_action_client
[1.858s] 
[1.858s] [0m
[1.858s] [0mCMake Generate step failed.  Build files cannot be regenerated correctly.[0m
[1.868s] Invoked command in '/home/javierac/control_ws/build/xarm6_cpp_control' returned '1': CMAKE_PREFIX_PATH=${CMAKE_PREFIX_PATH}:/home/xarm_ws/install/uf_ros_lib:/opt/ros/jazzy /usr/bin/cmake /home/javierac/control_ws/src/xarm6_cpp_control -DCMAKE_INSTALL_PREFIX=/home/javierac/control_ws/install/xarm6_cpp_control
