running egg_info
creating ../build/bme_gazebo_sensors_py/bme_gazebo_sensors_py.egg-info
writing ../build/bme_gazebo_sensors_py/bme_gazebo_sensors_py.egg-info/PKG-INFO
writing dependency_links to ../build/bme_gazebo_sensors_py/bme_gazebo_sensors_py.egg-info/dependency_links.txt
writing entry points to ../build/bme_gazebo_sensors_py/bme_gazebo_sensors_py.egg-info/entry_points.txt
writing requirements to ../build/bme_gazebo_sensors_py/bme_gazebo_sensors_py.egg-info/requires.txt
writing top-level names to ../build/bme_gazebo_sensors_py/bme_gazebo_sensors_py.egg-info/top_level.txt
writing manifest file '../build/bme_gazebo_sensors_py/bme_gazebo_sensors_py.egg-info/SOURCES.txt'
reading manifest file '../build/bme_gazebo_sensors_py/bme_gazebo_sensors_py.egg-info/SOURCES.txt'
writing manifest file '../build/bme_gazebo_sensors_py/bme_gazebo_sensors_py.egg-info/SOURCES.txt'
running build
running build_py
creating /home/javierac/camera_gz/build/bme_gazebo_sensors_py/build
creating /home/javierac/camera_gz/build/bme_gazebo_sensors_py/build/lib
creating /home/javierac/camera_gz/build/bme_gazebo_sensors_py/build/lib/bme_gazebo_sensors_py
copying bme_gazebo_sensors_py/__init__.py -> /home/javierac/camera_gz/build/bme_gazebo_sensors_py/build/lib/bme_gazebo_sensors_py
copying bme_gazebo_sensors_py/haversine_test.py -> /home/javierac/camera_gz/build/bme_gazebo_sensors_py/build/lib/bme_gazebo_sensors_py
copying bme_gazebo_sensors_py/gps_waypoint_follower.py -> /home/javierac/camera_gz/build/bme_gazebo_sensors_py/build/lib/bme_gazebo_sensors_py
copying bme_gazebo_sensors_py/image_republisher.py -> /home/javierac/camera_gz/build/bme_gazebo_sensors_py/build/lib/bme_gazebo_sensors_py
copying bme_gazebo_sensors_py/chase_the_ball.py -> /home/javierac/camera_gz/build/bme_gazebo_sensors_py/build/lib/bme_gazebo_sensors_py
running install
running install_lib
creating /home/javierac/camera_gz/install/bme_gazebo_sensors_py/lib/python3.12/site-packages/bme_gazebo_sensors_py
copying /home/javierac/camera_gz/build/bme_gazebo_sensors_py/build/lib/bme_gazebo_sensors_py/__init__.py -> /home/javierac/camera_gz/install/bme_gazebo_sensors_py/lib/python3.12/site-packages/bme_gazebo_sensors_py
copying /home/javierac/camera_gz/build/bme_gazebo_sensors_py/build/lib/bme_gazebo_sensors_py/haversine_test.py -> /home/javierac/camera_gz/install/bme_gazebo_sensors_py/lib/python3.12/site-packages/bme_gazebo_sensors_py
copying /home/javierac/camera_gz/build/bme_gazebo_sensors_py/build/lib/bme_gazebo_sensors_py/gps_waypoint_follower.py -> /home/javierac/camera_gz/install/bme_gazebo_sensors_py/lib/python3.12/site-packages/bme_gazebo_sensors_py
copying /home/javierac/camera_gz/build/bme_gazebo_sensors_py/build/lib/bme_gazebo_sensors_py/image_republisher.py -> /home/javierac/camera_gz/install/bme_gazebo_sensors_py/lib/python3.12/site-packages/bme_gazebo_sensors_py
copying /home/javierac/camera_gz/build/bme_gazebo_sensors_py/build/lib/bme_gazebo_sensors_py/chase_the_ball.py -> /home/javierac/camera_gz/install/bme_gazebo_sensors_py/lib/python3.12/site-packages/bme_gazebo_sensors_py
byte-compiling /home/javierac/camera_gz/install/bme_gazebo_sensors_py/lib/python3.12/site-packages/bme_gazebo_sensors_py/__init__.py to __init__.cpython-312.pyc
byte-compiling /home/javierac/camera_gz/install/bme_gazebo_sensors_py/lib/python3.12/site-packages/bme_gazebo_sensors_py/haversine_test.py to haversine_test.cpython-312.pyc
byte-compiling /home/javierac/camera_gz/install/bme_gazebo_sensors_py/lib/python3.12/site-packages/bme_gazebo_sensors_py/gps_waypoint_follower.py to gps_waypoint_follower.cpython-312.pyc
byte-compiling /home/javierac/camera_gz/install/bme_gazebo_sensors_py/lib/python3.12/site-packages/bme_gazebo_sensors_py/image_republisher.py to image_republisher.cpython-312.pyc
byte-compiling /home/javierac/camera_gz/install/bme_gazebo_sensors_py/lib/python3.12/site-packages/bme_gazebo_sensors_py/chase_the_ball.py to chase_the_ball.cpython-312.pyc
running install_data
creating /home/javierac/camera_gz/install/bme_gazebo_sensors_py/share/ament_index
creating /home/javierac/camera_gz/install/bme_gazebo_sensors_py/share/ament_index/resource_index
creating /home/javierac/camera_gz/install/bme_gazebo_sensors_py/share/ament_index/resource_index/packages
copying resource/bme_gazebo_sensors_py -> /home/javierac/camera_gz/install/bme_gazebo_sensors_py/share/ament_index/resource_index/packages
copying package.xml -> /home/javierac/camera_gz/install/bme_gazebo_sensors_py/share/bme_gazebo_sensors_py
running install_egg_info
Copying ../build/bme_gazebo_sensors_py/bme_gazebo_sensors_py.egg-info to /home/javierac/camera_gz/install/bme_gazebo_sensors_py/lib/python3.12/site-packages/bme_gazebo_sensors_py-1.0.0-py3.12.egg-info
running install_scripts
Installing chase_the_ball script to /home/javierac/camera_gz/install/bme_gazebo_sensors_py/lib/bme_gazebo_sensors_py
Installing gps_waypoint_follower script to /home/javierac/camera_gz/install/bme_gazebo_sensors_py/lib/bme_gazebo_sensors_py
Installing image_republisher script to /home/javierac/camera_gz/install/bme_gazebo_sensors_py/lib/bme_gazebo_sensors_py
writing list of installed files to '/home/javierac/camera_gz/build/bme_gazebo_sensors_py/install.log'
