[0.844s] Invoking command in '/home/javierac/camera_gz/bme_gazebo_sensors_py': PYTHONPATH=/home/javierac/camera_gz/build/bme_gazebo_sensors_py/prefix_override:/usr/lib/python3/dist-packages/colcon_core/task/python/colcon_distutils_commands:/home/javierac/camera_gz/install/bme_gazebo_sensors_py/lib/python3.12/site-packages:${PYTHONPATH} /usr/bin/python3 -W ignore:setup.py install is deprecated -W ignore:easy_install command is deprecated setup.py egg_info --egg-base ../build/bme_gazebo_sensors_py build --build-base /home/javierac/camera_gz/build/bme_gazebo_sensors_py/build install --record /home/javierac/camera_gz/build/bme_gazebo_sensors_py/install.log --single-version-externally-managed install_data
[1.127s] running egg_info
[1.127s] creating ../build/bme_gazebo_sensors_py/bme_gazebo_sensors_py.egg-info
[1.145s] writing ../build/bme_gazebo_sensors_py/bme_gazebo_sensors_py.egg-info/PKG-INFO
[1.145s] writing dependency_links to ../build/bme_gazebo_sensors_py/bme_gazebo_sensors_py.egg-info/dependency_links.txt
[1.145s] writing entry points to ../build/bme_gazebo_sensors_py/bme_gazebo_sensors_py.egg-info/entry_points.txt
[1.145s] writing requirements to ../build/bme_gazebo_sensors_py/bme_gazebo_sensors_py.egg-info/requires.txt
[1.145s] writing top-level names to ../build/bme_gazebo_sensors_py/bme_gazebo_sensors_py.egg-info/top_level.txt
[1.145s] writing manifest file '../build/bme_gazebo_sensors_py/bme_gazebo_sensors_py.egg-info/SOURCES.txt'
[1.182s] reading manifest file '../build/bme_gazebo_sensors_py/bme_gazebo_sensors_py.egg-info/SOURCES.txt'
[1.182s] writing manifest file '../build/bme_gazebo_sensors_py/bme_gazebo_sensors_py.egg-info/SOURCES.txt'
[1.183s] running build
[1.183s] running build_py
[1.183s] creating /home/javierac/camera_gz/build/bme_gazebo_sensors_py/build
[1.183s] creating /home/javierac/camera_gz/build/bme_gazebo_sensors_py/build/lib
[1.183s] creating /home/javierac/camera_gz/build/bme_gazebo_sensors_py/build/lib/bme_gazebo_sensors_py
[1.183s] copying bme_gazebo_sensors_py/__init__.py -> /home/javierac/camera_gz/build/bme_gazebo_sensors_py/build/lib/bme_gazebo_sensors_py
[1.183s] copying bme_gazebo_sensors_py/haversine_test.py -> /home/javierac/camera_gz/build/bme_gazebo_sensors_py/build/lib/bme_gazebo_sensors_py
[1.183s] copying bme_gazebo_sensors_py/gps_waypoint_follower.py -> /home/javierac/camera_gz/build/bme_gazebo_sensors_py/build/lib/bme_gazebo_sensors_py
[1.183s] copying bme_gazebo_sensors_py/image_republisher.py -> /home/javierac/camera_gz/build/bme_gazebo_sensors_py/build/lib/bme_gazebo_sensors_py
[1.183s] copying bme_gazebo_sensors_py/chase_the_ball.py -> /home/javierac/camera_gz/build/bme_gazebo_sensors_py/build/lib/bme_gazebo_sensors_py
[1.183s] running install
[1.191s] running install_lib
[1.209s] creating /home/javierac/camera_gz/install/bme_gazebo_sensors_py/lib/python3.12/site-packages/bme_gazebo_sensors_py
[1.209s] copying /home/javierac/camera_gz/build/bme_gazebo_sensors_py/build/lib/bme_gazebo_sensors_py/__init__.py -> /home/javierac/camera_gz/install/bme_gazebo_sensors_py/lib/python3.12/site-packages/bme_gazebo_sensors_py
[1.209s] copying /home/javierac/camera_gz/build/bme_gazebo_sensors_py/build/lib/bme_gazebo_sensors_py/haversine_test.py -> /home/javierac/camera_gz/install/bme_gazebo_sensors_py/lib/python3.12/site-packages/bme_gazebo_sensors_py
[1.209s] copying /home/javierac/camera_gz/build/bme_gazebo_sensors_py/build/lib/bme_gazebo_sensors_py/gps_waypoint_follower.py -> /home/javierac/camera_gz/install/bme_gazebo_sensors_py/lib/python3.12/site-packages/bme_gazebo_sensors_py
[1.210s] copying /home/javierac/camera_gz/build/bme_gazebo_sensors_py/build/lib/bme_gazebo_sensors_py/image_republisher.py -> /home/javierac/camera_gz/install/bme_gazebo_sensors_py/lib/python3.12/site-packages/bme_gazebo_sensors_py
[1.210s] copying /home/javierac/camera_gz/build/bme_gazebo_sensors_py/build/lib/bme_gazebo_sensors_py/chase_the_ball.py -> /home/javierac/camera_gz/install/bme_gazebo_sensors_py/lib/python3.12/site-packages/bme_gazebo_sensors_py
[1.210s] byte-compiling /home/javierac/camera_gz/install/bme_gazebo_sensors_py/lib/python3.12/site-packages/bme_gazebo_sensors_py/__init__.py to __init__.cpython-312.pyc
[1.210s] byte-compiling /home/javierac/camera_gz/install/bme_gazebo_sensors_py/lib/python3.12/site-packages/bme_gazebo_sensors_py/haversine_test.py to haversine_test.cpython-312.pyc
[1.211s] byte-compiling /home/javierac/camera_gz/install/bme_gazebo_sensors_py/lib/python3.12/site-packages/bme_gazebo_sensors_py/gps_waypoint_follower.py to gps_waypoint_follower.cpython-312.pyc
[1.212s] byte-compiling /home/javierac/camera_gz/install/bme_gazebo_sensors_py/lib/python3.12/site-packages/bme_gazebo_sensors_py/image_republisher.py to image_republisher.cpython-312.pyc
[1.213s] byte-compiling /home/javierac/camera_gz/install/bme_gazebo_sensors_py/lib/python3.12/site-packages/bme_gazebo_sensors_py/chase_the_ball.py to chase_the_ball.cpython-312.pyc
[1.215s] running install_data
[1.215s] creating /home/javierac/camera_gz/install/bme_gazebo_sensors_py/share/ament_index
[1.215s] creating /home/javierac/camera_gz/install/bme_gazebo_sensors_py/share/ament_index/resource_index
[1.215s] creating /home/javierac/camera_gz/install/bme_gazebo_sensors_py/share/ament_index/resource_index/packages
[1.216s] copying resource/bme_gazebo_sensors_py -> /home/javierac/camera_gz/install/bme_gazebo_sensors_py/share/ament_index/resource_index/packages
[1.216s] copying package.xml -> /home/javierac/camera_gz/install/bme_gazebo_sensors_py/share/bme_gazebo_sensors_py
[1.216s] running install_egg_info
[1.235s] Copying ../build/bme_gazebo_sensors_py/bme_gazebo_sensors_py.egg-info to /home/javierac/camera_gz/install/bme_gazebo_sensors_py/lib/python3.12/site-packages/bme_gazebo_sensors_py-1.0.0-py3.12.egg-info
[1.236s] running install_scripts
[1.367s] Installing chase_the_ball script to /home/javierac/camera_gz/install/bme_gazebo_sensors_py/lib/bme_gazebo_sensors_py
[1.367s] Installing gps_waypoint_follower script to /home/javierac/camera_gz/install/bme_gazebo_sensors_py/lib/bme_gazebo_sensors_py
[1.368s] Installing image_republisher script to /home/javierac/camera_gz/install/bme_gazebo_sensors_py/lib/bme_gazebo_sensors_py
[1.368s] writing list of installed files to '/home/javierac/camera_gz/build/bme_gazebo_sensors_py/install.log'
[1.394s] Invoked command in '/home/javierac/camera_gz/bme_gazebo_sensors_py' returned '0': PYTHONPATH=/home/javierac/camera_gz/build/bme_gazebo_sensors_py/prefix_override:/usr/lib/python3/dist-packages/colcon_core/task/python/colcon_distutils_commands:/home/javierac/camera_gz/install/bme_gazebo_sensors_py/lib/python3.12/site-packages:${PYTHONPATH} /usr/bin/python3 -W ignore:setup.py install is deprecated -W ignore:easy_install command is deprecated setup.py egg_info --egg-base ../build/bme_gazebo_sensors_py build --build-base /home/javierac/camera_gz/build/bme_gazebo_sensors_py/build install --record /home/javierac/camera_gz/build/bme_gazebo_sensors_py/install.log --single-version-externally-managed install_data
