-- Install configuration: ""
-- Up-to-date: /home/javierac/vpc_ws/install/camera_robot/share/camera_robot/launch
-- Installing: /home/javierac/vpc_ws/install/camera_robot/share/camera_robot/launch/launch.py
-- Up-to-date: /home/javierac/vpc_ws/install/camera_robot/share/camera_robot/urdf
-- Up-to-date: /home/javierac/vpc_ws/install/camera_robot/share/camera_robot/urdf/robot.xacro
-- Up-to-date: /home/javierac/vpc_ws/install/camera_robot/share/camera_robot/worlds
-- Up-to-date: /home/javierac/vpc_ws/install/camera_robot/share/camera_robot/worlds/world.sdf
-- Up-to-date: /home/javierac/vpc_ws/install/camera_robot/share/ament_index/resource_index/package_run_dependencies/camera_robot
-- Up-to-date: /home/javierac/vpc_ws/install/camera_robot/share/ament_index/resource_index/parent_prefix_path/camera_robot
-- Up-to-date: /home/javierac/vpc_ws/install/camera_robot/share/camera_robot/environment/ament_prefix_path.sh
-- Up-to-date: /home/javierac/vpc_ws/install/camera_robot/share/camera_robot/environment/ament_prefix_path.dsv
-- Up-to-date: /home/javierac/vpc_ws/install/camera_robot/share/camera_robot/environment/path.sh
-- Up-to-date: /home/javierac/vpc_ws/install/camera_robot/share/camera_robot/environment/path.dsv
-- Up-to-date: /home/javierac/vpc_ws/install/camera_robot/share/camera_robot/local_setup.bash
-- Up-to-date: /home/javierac/vpc_ws/install/camera_robot/share/camera_robot/local_setup.sh
-- Up-to-date: /home/javierac/vpc_ws/install/camera_robot/share/camera_robot/local_setup.zsh
-- Up-to-date: /home/javierac/vpc_ws/install/camera_robot/share/camera_robot/local_setup.dsv
-- Installing: /home/javierac/vpc_ws/install/camera_robot/share/camera_robot/package.dsv
-- Up-to-date: /home/javierac/vpc_ws/install/camera_robot/share/ament_index/resource_index/packages/camera_robot
-- Up-to-date: /home/javierac/vpc_ws/install/camera_robot/share/camera_robot/cmake/camera_robotConfig.cmake
-- Up-to-date: /home/javierac/vpc_ws/install/camera_robot/share/camera_robot/cmake/camera_robotConfig-version.cmake
-- Up-to-date: /home/javierac/vpc_ws/install/camera_robot/share/camera_robot/package.xml
