[0.016s] Invoking command in '/home/javierac/control_ws/build/xarm6_cpp_control': CMAKE_PREFIX_PATH=${CMAKE_PREFIX_PATH}:/home/xarm_ws/install/uf_ros_lib:/opt/ros/jazzy /usr/bin/cmake --build /home/javierac/control_ws/build/xarm6_cpp_control -- -j20 -l20
[0.103s] [100%] Built target xarm6_action_client
[0.119s] Invoked command in '/home/javierac/control_ws/build/xarm6_cpp_control' returned '0': CMAKE_PREFIX_PATH=${CMAKE_PREFIX_PATH}:/home/xarm_ws/install/uf_ros_lib:/opt/ros/jazzy /usr/bin/cmake --build /home/javierac/control_ws/build/xarm6_cpp_control -- -j20 -l20
[0.134s] Invoking command in '/home/javierac/control_ws/build/xarm6_cpp_control': CMAKE_PREFIX_PATH=${CMAKE_PREFIX_PATH}:/home/xarm_ws/install/uf_ros_lib:/opt/ros/jazzy /usr/bin/cmake --install /home/javierac/control_ws/build/xarm6_cpp_control
[0.143s] -- Install configuration: ""
[0.144s] -- Up-to-date: /home/javierac/control_ws/install/xarm6_cpp_control/share/ament_index/resource_index/package_run_dependencies/xarm6_cpp_control
[0.144s] -- Up-to-date: /home/javierac/control_ws/install/xarm6_cpp_control/share/ament_index/resource_index/parent_prefix_path/xarm6_cpp_control
[0.144s] -- Up-to-date: /home/javierac/control_ws/install/xarm6_cpp_control/share/xarm6_cpp_control/environment/ament_prefix_path.sh
[0.144s] -- Up-to-date: /home/javierac/control_ws/install/xarm6_cpp_control/share/xarm6_cpp_control/environment/ament_prefix_path.dsv
[0.144s] -- Up-to-date: /home/javierac/control_ws/install/xarm6_cpp_control/share/xarm6_cpp_control/environment/path.sh
[0.144s] -- Up-to-date: /home/javierac/control_ws/install/xarm6_cpp_control/share/xarm6_cpp_control/environment/path.dsv
[0.144s] -- Up-to-date: /home/javierac/control_ws/install/xarm6_cpp_control/share/xarm6_cpp_control/local_setup.bash
[0.145s] -- Up-to-date: /home/javierac/control_ws/install/xarm6_cpp_control/share/xarm6_cpp_control/local_setup.sh
[0.145s] -- Up-to-date: /home/javierac/control_ws/install/xarm6_cpp_control/share/xarm6_cpp_control/local_setup.zsh
[0.145s] -- Up-to-date: /home/javierac/control_ws/install/xarm6_cpp_control/share/xarm6_cpp_control/local_setup.dsv
[0.145s] -- Installing: /home/javierac/control_ws/install/xarm6_cpp_control/share/xarm6_cpp_control/package.dsv
[0.145s] -- Up-to-date: /home/javierac/control_ws/install/xarm6_cpp_control/share/ament_index/resource_index/packages/xarm6_cpp_control
[0.145s] -- Up-to-date: /home/javierac/control_ws/install/xarm6_cpp_control/share/xarm6_cpp_control/cmake/xarm6_cpp_controlConfig.cmake
[0.145s] -- Up-to-date: /home/javierac/control_ws/install/xarm6_cpp_control/share/xarm6_cpp_control/cmake/xarm6_cpp_controlConfig-version.cmake
[0.145s] -- Up-to-date: /home/javierac/control_ws/install/xarm6_cpp_control/share/xarm6_cpp_control/package.xml
[0.145s] -- Up-to-date: /home/javierac/control_ws/install/xarm6_cpp_control/lib/xarm6_cpp_control/xarm6_action_client
[0.147s] Invoked command in '/home/javierac/control_ws/build/xarm6_cpp_control' returned '0': CMAKE_PREFIX_PATH=${CMAKE_PREFIX_PATH}:/home/xarm_ws/install/uf_ros_lib:/opt/ros/jazzy /usr/bin/cmake --install /home/javierac/control_ws/build/xarm6_cpp_control
