[0.108s] DEBUG:colcon:Command line arguments: ['/usr/bin/colcon', 'build']
[0.108s] DEBUG:colcon:Parsed command line arguments: Namespace(log_base=None, log_level=None, verb_name='build', build_base='build', install_base='install', merge_install=False, symlink_install=False, test_result_base=None, continue_on_error=False, executor='parallel', parallel_workers=20, event_handlers=None, ignore_user_meta=False, metas=['./colcon.meta'], base_paths=['.'], packages_ignore=None, packages_ignore_regex=None, paths=None, packages_up_to=None, packages_up_to_regex=None, packages_above=None, packages_above_and_dependencies=None, packages_above_depth=None, packages_select_by_dep=None, packages_skip_by_dep=None, packages_skip_up_to=None, packages_select_build_failed=False, packages_skip_build_finished=False, packages_select_test_failures=False, packages_skip_test_passed=False, packages_select=None, packages_skip=None, packages_select_regex=None, packages_skip_regex=None, packages_start=None, packages_end=None, cmake_args=None, cmake_target=None, cmake_target_skip_unavailable=False, cmake_clean_cache=False, cmake_clean_first=False, cmake_force_configure=False, ament_cmake_args=None, catkin_cmake_args=None, catkin_skip_building_tests=False, mixin_files=None, mixin=None, verb_parser=<colcon_mixin.mixin.mixin_argument.MixinArgumentDecorator object at 0x7be58695d670>, verb_extension=<colcon_core.verb.build.BuildVerb object at 0x7be58695d3a0>, main=<bound method BuildVerb.main of <colcon_core.verb.build.BuildVerb object at 0x7be58695d3a0>>, mixin_verb=('build',))
[0.147s] Level 1:colcon.colcon_core.package_discovery:discover_packages(colcon_meta) check parameters
[0.147s] INFO:colcon.colcon_metadata.package_discovery.colcon_meta:Using configuration from '/root/.colcon/metadata/default/Gazebo.meta'
[0.148s] INFO:colcon.colcon_metadata.package_discovery.colcon_meta:Using configuration from '/root/.colcon/metadata/default/fastdds.meta'
[0.148s] INFO:colcon.colcon_metadata.package_discovery.colcon_meta:Using configuration from '/root/.colcon/metadata/default/fastrtps.meta'
[0.148s] Level 1:colcon.colcon_core.package_discovery:discover_packages(recursive) check parameters
[0.148s] Level 1:colcon.colcon_core.package_discovery:discover_packages(ignore) check parameters
[0.148s] Level 1:colcon.colcon_core.package_discovery:discover_packages(path) check parameters
[0.148s] Level 1:colcon.colcon_core.package_discovery:discover_packages(colcon_meta) discover
[0.148s] Level 1:colcon.colcon_core.package_discovery:discover_packages(recursive) discover
[0.148s] INFO:colcon.colcon_core.package_discovery:Crawling recursively for packages in '/home/javierac/camera_gz'
[0.148s] Level 1:colcon.colcon_core.package_identification:_identify(.) by extensions ['ignore', 'ignore_ament_install']
[0.148s] Level 1:colcon.colcon_core.package_identification:_identify(.) by extension 'ignore'
[0.148s] Level 1:colcon.colcon_core.package_identification:_identify(.) by extension 'ignore_ament_install'
[0.149s] Level 1:colcon.colcon_core.package_identification:_identify(.) by extensions ['colcon_pkg']
[0.149s] Level 1:colcon.colcon_core.package_identification:_identify(.) by extension 'colcon_pkg'
[0.149s] Level 1:colcon.colcon_core.package_identification:_identify(.) by extensions ['colcon_meta']
[0.149s] Level 1:colcon.colcon_core.package_identification:_identify(.) by extension 'colcon_meta'
[0.149s] Level 1:colcon.colcon_core.package_identification:_identify(.) by extensions ['ros']
[0.149s] Level 1:colcon.colcon_core.package_identification:_identify(.) by extension 'ros'
[0.175s] Level 1:colcon.colcon_core.package_identification:_identify(.) by extensions ['cmake', 'python']
[0.175s] Level 1:colcon.colcon_core.package_identification:_identify(.) by extension 'cmake'
[0.175s] Level 1:colcon.colcon_core.package_identification:_identify(.) by extension 'python'
[0.175s] Level 1:colcon.colcon_core.package_identification:_identify(.) by extensions ['python_setup_py']
[0.175s] Level 1:colcon.colcon_core.package_identification:_identify(.) by extension 'python_setup_py'
[0.175s] Level 1:colcon.colcon_core.package_identification:_identify(assets) by extensions ['ignore', 'ignore_ament_install']
[0.175s] Level 1:colcon.colcon_core.package_identification:_identify(assets) by extension 'ignore'
[0.175s] Level 1:colcon.colcon_core.package_identification:_identify(assets) by extension 'ignore_ament_install'
[0.175s] Level 1:colcon.colcon_core.package_identification:_identify(assets) by extensions ['colcon_pkg']
[0.176s] Level 1:colcon.colcon_core.package_identification:_identify(assets) by extension 'colcon_pkg'
[0.176s] Level 1:colcon.colcon_core.package_identification:_identify(assets) by extensions ['colcon_meta']
[0.176s] Level 1:colcon.colcon_core.package_identification:_identify(assets) by extension 'colcon_meta'
[0.176s] Level 1:colcon.colcon_core.package_identification:_identify(assets) by extensions ['ros']
[0.176s] Level 1:colcon.colcon_core.package_identification:_identify(assets) by extension 'ros'
[0.176s] Level 1:colcon.colcon_core.package_identification:_identify(assets) by extensions ['cmake', 'python']
[0.176s] Level 1:colcon.colcon_core.package_identification:_identify(assets) by extension 'cmake'
[0.176s] Level 1:colcon.colcon_core.package_identification:_identify(assets) by extension 'python'
[0.176s] Level 1:colcon.colcon_core.package_identification:_identify(assets) by extensions ['python_setup_py']
[0.176s] Level 1:colcon.colcon_core.package_identification:_identify(assets) by extension 'python_setup_py'
[0.176s] Level 1:colcon.colcon_core.package_identification:_identify(bme_gazebo_sensors) by extensions ['ignore', 'ignore_ament_install']
[0.176s] Level 1:colcon.colcon_core.package_identification:_identify(bme_gazebo_sensors) by extension 'ignore'
[0.176s] Level 1:colcon.colcon_core.package_identification:_identify(bme_gazebo_sensors) by extension 'ignore_ament_install'
[0.176s] Level 1:colcon.colcon_core.package_identification:_identify(bme_gazebo_sensors) by extensions ['colcon_pkg']
[0.176s] Level 1:colcon.colcon_core.package_identification:_identify(bme_gazebo_sensors) by extension 'colcon_pkg'
[0.176s] Level 1:colcon.colcon_core.package_identification:_identify(bme_gazebo_sensors) by extensions ['colcon_meta']
[0.176s] Level 1:colcon.colcon_core.package_identification:_identify(bme_gazebo_sensors) by extension 'colcon_meta'
[0.176s] Level 1:colcon.colcon_core.package_identification:_identify(bme_gazebo_sensors) by extensions ['ros']
[0.176s] Level 1:colcon.colcon_core.package_identification:_identify(bme_gazebo_sensors) by extension 'ros'
[0.178s] DEBUG:colcon.colcon_core.package_identification:Package 'bme_gazebo_sensors' with type 'ros.ament_cmake' and name 'bme_gazebo_sensors'
[0.179s] Level 1:colcon.colcon_core.package_identification:_identify(bme_gazebo_sensors_py) by extensions ['ignore', 'ignore_ament_install']
[0.179s] Level 1:colcon.colcon_core.package_identification:_identify(bme_gazebo_sensors_py) by extension 'ignore'
[0.179s] Level 1:colcon.colcon_core.package_identification:_identify(bme_gazebo_sensors_py) by extension 'ignore_ament_install'
[0.179s] Level 1:colcon.colcon_core.package_identification:_identify(bme_gazebo_sensors_py) by extensions ['colcon_pkg']
[0.179s] Level 1:colcon.colcon_core.package_identification:_identify(bme_gazebo_sensors_py) by extension 'colcon_pkg'
[0.179s] Level 1:colcon.colcon_core.package_identification:_identify(bme_gazebo_sensors_py) by extensions ['colcon_meta']
[0.179s] Level 1:colcon.colcon_core.package_identification:_identify(bme_gazebo_sensors_py) by extension 'colcon_meta'
[0.179s] Level 1:colcon.colcon_core.package_identification:_identify(bme_gazebo_sensors_py) by extensions ['ros']
[0.179s] Level 1:colcon.colcon_core.package_identification:_identify(bme_gazebo_sensors_py) by extension 'ros'
[0.179s] DEBUG:colcon.colcon_core.package_identification:Package 'bme_gazebo_sensors_py' with type 'ros.ament_python' and name 'bme_gazebo_sensors_py'
[0.179s] Level 1:colcon.colcon_core.package_identification:_identify(build) by extensions ['ignore', 'ignore_ament_install']
[0.180s] Level 1:colcon.colcon_core.package_identification:_identify(build) by extension 'ignore'
[0.180s] Level 1:colcon.colcon_core.package_identification:_identify(build) ignored
[0.180s] Level 1:colcon.colcon_core.package_identification:_identify(install) by extensions ['ignore', 'ignore_ament_install']
[0.180s] Level 1:colcon.colcon_core.package_identification:_identify(install) by extension 'ignore'
[0.180s] Level 1:colcon.colcon_core.package_identification:_identify(install) ignored
[0.180s] Level 1:colcon.colcon_core.package_identification:_identify(log) by extensions ['ignore', 'ignore_ament_install']
[0.180s] Level 1:colcon.colcon_core.package_identification:_identify(log) by extension 'ignore'
[0.180s] Level 1:colcon.colcon_core.package_identification:_identify(log) ignored
[0.180s] Level 1:colcon.colcon_core.package_identification:_identify(mogi_trajectory_server) by extensions ['ignore', 'ignore_ament_install']
[0.180s] Level 1:colcon.colcon_core.package_identification:_identify(mogi_trajectory_server) by extension 'ignore'
[0.180s] Level 1:colcon.colcon_core.package_identification:_identify(mogi_trajectory_server) by extension 'ignore_ament_install'
[0.180s] Level 1:colcon.colcon_core.package_identification:_identify(mogi_trajectory_server) by extensions ['colcon_pkg']
[0.180s] Level 1:colcon.colcon_core.package_identification:_identify(mogi_trajectory_server) by extension 'colcon_pkg'
[0.180s] Level 1:colcon.colcon_core.package_identification:_identify(mogi_trajectory_server) by extensions ['colcon_meta']
[0.180s] Level 1:colcon.colcon_core.package_identification:_identify(mogi_trajectory_server) by extension 'colcon_meta'
[0.180s] Level 1:colcon.colcon_core.package_identification:_identify(mogi_trajectory_server) by extensions ['ros']
[0.180s] Level 1:colcon.colcon_core.package_identification:_identify(mogi_trajectory_server) by extension 'ros'
[0.181s] DEBUG:colcon.colcon_core.package_identification:Package 'mogi_trajectory_server' with type 'ros.ament_python' and name 'mogi_trajectory_server'
[0.181s] Level 1:colcon.colcon_core.package_discovery:discover_packages(recursive) using defaults
[0.181s] Level 1:colcon.colcon_core.package_discovery:discover_packages(ignore) discover
[0.181s] Level 1:colcon.colcon_core.package_discovery:discover_packages(ignore) using defaults
[0.181s] Level 1:colcon.colcon_core.package_discovery:discover_packages(path) discover
[0.181s] Level 1:colcon.colcon_core.package_discovery:discover_packages(path) using defaults
[0.199s] Level 5:colcon.colcon_core.verb:set package 'bme_gazebo_sensors' build argument 'cmake_args' from command line to 'None'
[0.199s] Level 5:colcon.colcon_core.verb:set package 'bme_gazebo_sensors' build argument 'cmake_target' from command line to 'None'
[0.199s] Level 5:colcon.colcon_core.verb:set package 'bme_gazebo_sensors' build argument 'cmake_target_skip_unavailable' from command line to 'False'
[0.199s] Level 5:colcon.colcon_core.verb:set package 'bme_gazebo_sensors' build argument 'cmake_clean_cache' from command line to 'False'
[0.199s] Level 5:colcon.colcon_core.verb:set package 'bme_gazebo_sensors' build argument 'cmake_clean_first' from command line to 'False'
[0.199s] Level 5:colcon.colcon_core.verb:set package 'bme_gazebo_sensors' build argument 'cmake_force_configure' from command line to 'False'
[0.199s] Level 5:colcon.colcon_core.verb:set package 'bme_gazebo_sensors' build argument 'ament_cmake_args' from command line to 'None'
[0.199s] Level 5:colcon.colcon_core.verb:set package 'bme_gazebo_sensors' build argument 'catkin_cmake_args' from command line to 'None'
[0.199s] Level 5:colcon.colcon_core.verb:set package 'bme_gazebo_sensors' build argument 'catkin_skip_building_tests' from command line to 'False'
[0.199s] DEBUG:colcon.colcon_core.verb:Building package 'bme_gazebo_sensors' with the following arguments: {'ament_cmake_args': None, 'build_base': '/home/javierac/camera_gz/build/bme_gazebo_sensors', 'catkin_cmake_args': None, 'catkin_skip_building_tests': False, 'cmake_args': None, 'cmake_clean_cache': False, 'cmake_clean_first': False, 'cmake_force_configure': False, 'cmake_target': None, 'cmake_target_skip_unavailable': False, 'install_base': '/home/javierac/camera_gz/install/bme_gazebo_sensors', 'merge_install': False, 'path': '/home/javierac/camera_gz/bme_gazebo_sensors', 'symlink_install': False, 'test_result_base': None}
[0.200s] Level 5:colcon.colcon_core.verb:set package 'bme_gazebo_sensors_py' build argument 'cmake_args' from command line to 'None'
[0.200s] Level 5:colcon.colcon_core.verb:set package 'bme_gazebo_sensors_py' build argument 'cmake_target' from command line to 'None'
[0.200s] Level 5:colcon.colcon_core.verb:set package 'bme_gazebo_sensors_py' build argument 'cmake_target_skip_unavailable' from command line to 'False'
[0.200s] Level 5:colcon.colcon_core.verb:set package 'bme_gazebo_sensors_py' build argument 'cmake_clean_cache' from command line to 'False'
[0.200s] Level 5:colcon.colcon_core.verb:set package 'bme_gazebo_sensors_py' build argument 'cmake_clean_first' from command line to 'False'
[0.200s] Level 5:colcon.colcon_core.verb:set package 'bme_gazebo_sensors_py' build argument 'cmake_force_configure' from command line to 'False'
[0.200s] Level 5:colcon.colcon_core.verb:set package 'bme_gazebo_sensors_py' build argument 'ament_cmake_args' from command line to 'None'
[0.200s] Level 5:colcon.colcon_core.verb:set package 'bme_gazebo_sensors_py' build argument 'catkin_cmake_args' from command line to 'None'
[0.200s] Level 5:colcon.colcon_core.verb:set package 'bme_gazebo_sensors_py' build argument 'catkin_skip_building_tests' from command line to 'False'
[0.200s] DEBUG:colcon.colcon_core.verb:Building package 'bme_gazebo_sensors_py' with the following arguments: {'ament_cmake_args': None, 'build_base': '/home/javierac/camera_gz/build/bme_gazebo_sensors_py', 'catkin_cmake_args': None, 'catkin_skip_building_tests': False, 'cmake_args': None, 'cmake_clean_cache': False, 'cmake_clean_first': False, 'cmake_force_configure': False, 'cmake_target': None, 'cmake_target_skip_unavailable': False, 'install_base': '/home/javierac/camera_gz/install/bme_gazebo_sensors_py', 'merge_install': False, 'path': '/home/javierac/camera_gz/bme_gazebo_sensors_py', 'symlink_install': False, 'test_result_base': None}
[0.200s] Level 5:colcon.colcon_core.verb:set package 'mogi_trajectory_server' build argument 'cmake_args' from command line to 'None'
[0.200s] Level 5:colcon.colcon_core.verb:set package 'mogi_trajectory_server' build argument 'cmake_target' from command line to 'None'
[0.200s] Level 5:colcon.colcon_core.verb:set package 'mogi_trajectory_server' build argument 'cmake_target_skip_unavailable' from command line to 'False'
[0.200s] Level 5:colcon.colcon_core.verb:set package 'mogi_trajectory_server' build argument 'cmake_clean_cache' from command line to 'False'
[0.200s] Level 5:colcon.colcon_core.verb:set package 'mogi_trajectory_server' build argument 'cmake_clean_first' from command line to 'False'
[0.200s] Level 5:colcon.colcon_core.verb:set package 'mogi_trajectory_server' build argument 'cmake_force_configure' from command line to 'False'
[0.200s] Level 5:colcon.colcon_core.verb:set package 'mogi_trajectory_server' build argument 'ament_cmake_args' from command line to 'None'
[0.200s] Level 5:colcon.colcon_core.verb:set package 'mogi_trajectory_server' build argument 'catkin_cmake_args' from command line to 'None'
[0.200s] Level 5:colcon.colcon_core.verb:set package 'mogi_trajectory_server' build argument 'catkin_skip_building_tests' from command line to 'False'
[0.200s] DEBUG:colcon.colcon_core.verb:Building package 'mogi_trajectory_server' with the following arguments: {'ament_cmake_args': None, 'build_base': '/home/javierac/camera_gz/build/mogi_trajectory_server', 'catkin_cmake_args': None, 'catkin_skip_building_tests': False, 'cmake_args': None, 'cmake_clean_cache': False, 'cmake_clean_first': False, 'cmake_force_configure': False, 'cmake_target': None, 'cmake_target_skip_unavailable': False, 'install_base': '/home/javierac/camera_gz/install/mogi_trajectory_server', 'merge_install': False, 'path': '/home/javierac/camera_gz/mogi_trajectory_server', 'symlink_install': False, 'test_result_base': None}
[0.200s] INFO:colcon.colcon_core.executor:Executing jobs using 'parallel' executor
[0.201s] DEBUG:colcon.colcon_parallel_executor.executor.parallel:run_until_complete
[0.202s] INFO:colcon.colcon_ros.task.ament_cmake.build:Building ROS package in '/home/javierac/camera_gz/bme_gazebo_sensors' with build type 'ament_cmake'
[0.202s] INFO:colcon.colcon_cmake.task.cmake.build:Building CMake package in '/home/javierac/camera_gz/bme_gazebo_sensors'
[0.204s] INFO:colcon.colcon_core.plugin_system:Skipping extension 'colcon_core.shell.bat': Not used on non-Windows systems
[0.204s] INFO:colcon.colcon_core.shell:Skip shell extension 'powershell' for command environment: Not usable outside of PowerShell
[0.204s] DEBUG:colcon.colcon_core.shell:Skip shell extension 'dsv' for command environment
[0.210s] INFO:colcon.colcon_ros.task.ament_python.build:Building ROS package in '/home/javierac/camera_gz/bme_gazebo_sensors_py' with build type 'ament_python'
[0.210s] Level 1:colcon.colcon_core.shell:create_environment_hook('bme_gazebo_sensors_py', 'ament_prefix_path')
[0.210s] INFO:colcon.colcon_core.shell:Creating environment hook '/home/javierac/camera_gz/install/bme_gazebo_sensors_py/share/bme_gazebo_sensors_py/hook/ament_prefix_path.ps1'
[0.211s] INFO:colcon.colcon_core.shell:Creating environment descriptor '/home/javierac/camera_gz/install/bme_gazebo_sensors_py/share/bme_gazebo_sensors_py/hook/ament_prefix_path.dsv'
[0.211s] INFO:colcon.colcon_core.shell:Creating environment hook '/home/javierac/camera_gz/install/bme_gazebo_sensors_py/share/bme_gazebo_sensors_py/hook/ament_prefix_path.sh'
[0.212s] INFO:colcon.colcon_core.shell:Skip shell extension 'powershell' for command environment: Not usable outside of PowerShell
[0.212s] DEBUG:colcon.colcon_core.shell:Skip shell extension 'dsv' for command environment
[0.216s] INFO:colcon.colcon_ros.task.ament_python.build:Building ROS package in '/home/javierac/camera_gz/mogi_trajectory_server' with build type 'ament_python'
[0.216s] Level 1:colcon.colcon_core.shell:create_environment_hook('mogi_trajectory_server', 'ament_prefix_path')
[0.217s] INFO:colcon.colcon_core.shell:Creating environment hook '/home/javierac/camera_gz/install/mogi_trajectory_server/share/mogi_trajectory_server/hook/ament_prefix_path.ps1'
[0.217s] INFO:colcon.colcon_core.shell:Creating environment descriptor '/home/javierac/camera_gz/install/mogi_trajectory_server/share/mogi_trajectory_server/hook/ament_prefix_path.dsv'
[0.217s] INFO:colcon.colcon_core.shell:Creating environment hook '/home/javierac/camera_gz/install/mogi_trajectory_server/share/mogi_trajectory_server/hook/ament_prefix_path.sh'
[0.218s] INFO:colcon.colcon_core.shell:Skip shell extension 'powershell' for command environment: Not usable outside of PowerShell
[0.218s] DEBUG:colcon.colcon_core.shell:Skip shell extension 'dsv' for command environment
[0.225s] DEBUG:colcon.colcon_core.event_handler.log_command:Invoking command in '/home/javierac/camera_gz/build/bme_gazebo_sensors': CMAKE_PREFIX_PATH=${CMAKE_PREFIX_PATH}:/home/javierac/camera_gz/install/bme_gazebo_sensors_py:/home/xarm_ws/install/uf_ros_lib:/opt/ros/jazzy /usr/bin/cmake --build /home/javierac/camera_gz/build/bme_gazebo_sensors -- -j20 -l20
[0.422s] INFO:colcon.colcon_core.task.python.build:Building Python package in '/home/javierac/camera_gz/bme_gazebo_sensors_py'
[0.422s] INFO:colcon.colcon_core.shell:Skip shell extension 'powershell' for command environment: Not usable outside of PowerShell
[0.422s] DEBUG:colcon.colcon_core.shell:Skip shell extension 'dsv' for command environment
[0.625s] INFO:colcon.colcon_core.task.python.build:Building Python package in '/home/javierac/camera_gz/mogi_trajectory_server'
[0.625s] INFO:colcon.colcon_core.shell:Skip shell extension 'powershell' for command environment: Not usable outside of PowerShell
[0.625s] DEBUG:colcon.colcon_core.shell:Skip shell extension 'dsv' for command environment
[0.631s] DEBUG:colcon.colcon_core.event_handler.log_command:Invoked command in '/home/javierac/camera_gz/build/bme_gazebo_sensors' returned '0': CMAKE_PREFIX_PATH=${CMAKE_PREFIX_PATH}:/home/javierac/camera_gz/install/bme_gazebo_sensors_py:/home/xarm_ws/install/uf_ros_lib:/opt/ros/jazzy /usr/bin/cmake --build /home/javierac/camera_gz/build/bme_gazebo_sensors -- -j20 -l20
[0.643s] DEBUG:colcon.colcon_core.event_handler.log_command:Invoking command in '/home/javierac/camera_gz/build/bme_gazebo_sensors': CMAKE_PREFIX_PATH=${CMAKE_PREFIX_PATH}:/home/javierac/camera_gz/install/bme_gazebo_sensors_py:/home/xarm_ws/install/uf_ros_lib:/opt/ros/jazzy /usr/bin/cmake --install /home/javierac/camera_gz/build/bme_gazebo_sensors
[0.655s] Level 1:colcon.colcon_core.environment:create_environment_scripts_only(bme_gazebo_sensors)
[0.656s] DEBUG:colcon.colcon_core.event_handler.log_command:Invoked command in '/home/javierac/camera_gz/build/bme_gazebo_sensors' returned '0': CMAKE_PREFIX_PATH=${CMAKE_PREFIX_PATH}:/home/javierac/camera_gz/install/bme_gazebo_sensors_py:/home/xarm_ws/install/uf_ros_lib:/opt/ros/jazzy /usr/bin/cmake --install /home/javierac/camera_gz/build/bme_gazebo_sensors
[0.658s] Level 1:colcon.colcon_core.environment:checking '/home/javierac/camera_gz/install/bme_gazebo_sensors' for CMake module files
[0.659s] Level 1:colcon.colcon_core.environment:checking '/home/javierac/camera_gz/install/bme_gazebo_sensors' for CMake config files
[0.659s] Level 1:colcon.colcon_core.shell:create_environment_hook('bme_gazebo_sensors', 'cmake_prefix_path')
[0.659s] INFO:colcon.colcon_core.shell:Creating environment hook '/home/javierac/camera_gz/install/bme_gazebo_sensors/share/bme_gazebo_sensors/hook/cmake_prefix_path.ps1'
[0.660s] INFO:colcon.colcon_core.shell:Creating environment descriptor '/home/javierac/camera_gz/install/bme_gazebo_sensors/share/bme_gazebo_sensors/hook/cmake_prefix_path.dsv'
[0.660s] INFO:colcon.colcon_core.shell:Creating environment hook '/home/javierac/camera_gz/install/bme_gazebo_sensors/share/bme_gazebo_sensors/hook/cmake_prefix_path.sh'
[0.661s] Level 1:colcon.colcon_core.environment:checking '/home/javierac/camera_gz/install/bme_gazebo_sensors/bin'
[0.661s] Level 1:colcon.colcon_core.environment:checking '/home/javierac/camera_gz/install/bme_gazebo_sensors/lib/pkgconfig/bme_gazebo_sensors.pc'
[0.661s] Level 1:colcon.colcon_core.environment:checking '/home/javierac/camera_gz/install/bme_gazebo_sensors/lib/python3.12/site-packages'
[0.661s] Level 1:colcon.colcon_core.environment:checking '/home/javierac/camera_gz/install/bme_gazebo_sensors/bin'
[0.661s] INFO:colcon.colcon_core.shell:Creating package script '/home/javierac/camera_gz/install/bme_gazebo_sensors/share/bme_gazebo_sensors/package.ps1'
[0.662s] INFO:colcon.colcon_core.shell:Creating package descriptor '/home/javierac/camera_gz/install/bme_gazebo_sensors/share/bme_gazebo_sensors/package.dsv'
[0.662s] INFO:colcon.colcon_core.shell:Creating package script '/home/javierac/camera_gz/install/bme_gazebo_sensors/share/bme_gazebo_sensors/package.sh'
[0.663s] INFO:colcon.colcon_core.shell:Creating package script '/home/javierac/camera_gz/install/bme_gazebo_sensors/share/bme_gazebo_sensors/package.bash'
[0.663s] INFO:colcon.colcon_core.shell:Creating package script '/home/javierac/camera_gz/install/bme_gazebo_sensors/share/bme_gazebo_sensors/package.zsh'
[0.664s] Level 1:colcon.colcon_core.environment:create_file_with_runtime_dependencies(/home/javierac/camera_gz/install/bme_gazebo_sensors/share/colcon-core/packages/bme_gazebo_sensors)
[0.664s] Level 1:colcon.colcon_core.environment:create_environment_scripts_only(bme_gazebo_sensors)
[0.664s] Level 1:colcon.colcon_core.environment:checking '/home/javierac/camera_gz/install/bme_gazebo_sensors' for CMake module files
[0.665s] Level 1:colcon.colcon_core.environment:checking '/home/javierac/camera_gz/install/bme_gazebo_sensors' for CMake config files
[0.665s] Level 1:colcon.colcon_core.shell:create_environment_hook('bme_gazebo_sensors', 'cmake_prefix_path')
[0.665s] INFO:colcon.colcon_core.shell:Creating environment hook '/home/javierac/camera_gz/install/bme_gazebo_sensors/share/bme_gazebo_sensors/hook/cmake_prefix_path.ps1'
[0.666s] INFO:colcon.colcon_core.shell:Creating environment descriptor '/home/javierac/camera_gz/install/bme_gazebo_sensors/share/bme_gazebo_sensors/hook/cmake_prefix_path.dsv'
[0.666s] INFO:colcon.colcon_core.shell:Creating environment hook '/home/javierac/camera_gz/install/bme_gazebo_sensors/share/bme_gazebo_sensors/hook/cmake_prefix_path.sh'
[0.666s] Level 1:colcon.colcon_core.environment:checking '/home/javierac/camera_gz/install/bme_gazebo_sensors/bin'
[0.666s] Level 1:colcon.colcon_core.environment:checking '/home/javierac/camera_gz/install/bme_gazebo_sensors/lib/pkgconfig/bme_gazebo_sensors.pc'
[0.667s] Level 1:colcon.colcon_core.environment:checking '/home/javierac/camera_gz/install/bme_gazebo_sensors/lib/python3.12/site-packages'
[0.667s] Level 1:colcon.colcon_core.environment:checking '/home/javierac/camera_gz/install/bme_gazebo_sensors/bin'
[0.667s] INFO:colcon.colcon_core.shell:Creating package script '/home/javierac/camera_gz/install/bme_gazebo_sensors/share/bme_gazebo_sensors/package.ps1'
[0.667s] INFO:colcon.colcon_core.shell:Creating package descriptor '/home/javierac/camera_gz/install/bme_gazebo_sensors/share/bme_gazebo_sensors/package.dsv'
[0.668s] INFO:colcon.colcon_core.shell:Creating package script '/home/javierac/camera_gz/install/bme_gazebo_sensors/share/bme_gazebo_sensors/package.sh'
[0.668s] INFO:colcon.colcon_core.shell:Creating package script '/home/javierac/camera_gz/install/bme_gazebo_sensors/share/bme_gazebo_sensors/package.bash'
[0.668s] INFO:colcon.colcon_core.shell:Creating package script '/home/javierac/camera_gz/install/bme_gazebo_sensors/share/bme_gazebo_sensors/package.zsh'
[0.669s] Level 1:colcon.colcon_core.environment:create_file_with_runtime_dependencies(/home/javierac/camera_gz/install/bme_gazebo_sensors/share/colcon-core/packages/bme_gazebo_sensors)
[1.150s] DEBUG:colcon.colcon_core.event_handler.log_command:Invoking command in '/home/javierac/camera_gz/bme_gazebo_sensors_py': PYTHONPATH=/home/javierac/camera_gz/build/bme_gazebo_sensors_py/prefix_override:/usr/lib/python3/dist-packages/colcon_core/task/python/colcon_distutils_commands:/home/javierac/camera_gz/install/bme_gazebo_sensors_py/lib/python3.12/site-packages:${PYTHONPATH} /usr/bin/python3 -W ignore:setup.py install is deprecated -W ignore:easy_install command is deprecated setup.py egg_info --egg-base ../build/bme_gazebo_sensors_py build --build-base /home/javierac/camera_gz/build/bme_gazebo_sensors_py/build install --record /home/javierac/camera_gz/build/bme_gazebo_sensors_py/install.log --single-version-externally-managed install_data
[1.160s] DEBUG:colcon.colcon_core.event_handler.log_command:Invoking command in '/home/javierac/camera_gz/mogi_trajectory_server': PYTHONPATH=/home/javierac/camera_gz/build/mogi_trajectory_server/prefix_override:/usr/lib/python3/dist-packages/colcon_core/task/python/colcon_distutils_commands:/home/javierac/camera_gz/install/mogi_trajectory_server/lib/python3.12/site-packages:${PYTHONPATH} /usr/bin/python3 -W ignore:setup.py install is deprecated -W ignore:easy_install command is deprecated setup.py egg_info --egg-base ../build/mogi_trajectory_server build --build-base /home/javierac/camera_gz/build/mogi_trajectory_server/build install --record /home/javierac/camera_gz/build/mogi_trajectory_server/install.log --single-version-externally-managed install_data
[1.609s] Level 1:colcon.colcon_core.environment:checking '/home/javierac/camera_gz/install/bme_gazebo_sensors_py' for CMake module files
[1.609s] DEBUG:colcon.colcon_core.event_handler.log_command:Invoked command in '/home/javierac/camera_gz/bme_gazebo_sensors_py' returned '0': PYTHONPATH=/home/javierac/camera_gz/build/bme_gazebo_sensors_py/prefix_override:/usr/lib/python3/dist-packages/colcon_core/task/python/colcon_distutils_commands:/home/javierac/camera_gz/install/bme_gazebo_sensors_py/lib/python3.12/site-packages:${PYTHONPATH} /usr/bin/python3 -W ignore:setup.py install is deprecated -W ignore:easy_install command is deprecated setup.py egg_info --egg-base ../build/bme_gazebo_sensors_py build --build-base /home/javierac/camera_gz/build/bme_gazebo_sensors_py/build install --record /home/javierac/camera_gz/build/bme_gazebo_sensors_py/install.log --single-version-externally-managed install_data
[1.609s] Level 1:colcon.colcon_core.environment:checking '/home/javierac/camera_gz/install/bme_gazebo_sensors_py' for CMake config files
[1.610s] Level 1:colcon.colcon_core.environment:checking '/home/javierac/camera_gz/install/bme_gazebo_sensors_py/lib'
[1.610s] Level 1:colcon.colcon_core.environment:checking '/home/javierac/camera_gz/install/bme_gazebo_sensors_py/bin'
[1.610s] Level 1:colcon.colcon_core.environment:checking '/home/javierac/camera_gz/install/bme_gazebo_sensors_py/lib/pkgconfig/bme_gazebo_sensors_py.pc'
[1.610s] Level 1:colcon.colcon_core.environment:checking '/home/javierac/camera_gz/install/bme_gazebo_sensors_py/lib/python3.12/site-packages'
[1.611s] Level 1:colcon.colcon_core.shell:create_environment_hook('bme_gazebo_sensors_py', 'pythonpath')
[1.611s] INFO:colcon.colcon_core.shell:Creating environment hook '/home/javierac/camera_gz/install/bme_gazebo_sensors_py/share/bme_gazebo_sensors_py/hook/pythonpath.ps1'
[1.611s] INFO:colcon.colcon_core.shell:Creating environment descriptor '/home/javierac/camera_gz/install/bme_gazebo_sensors_py/share/bme_gazebo_sensors_py/hook/pythonpath.dsv'
[1.612s] INFO:colcon.colcon_core.shell:Creating environment hook '/home/javierac/camera_gz/install/bme_gazebo_sensors_py/share/bme_gazebo_sensors_py/hook/pythonpath.sh'
[1.612s] Level 1:colcon.colcon_core.environment:checking '/home/javierac/camera_gz/install/bme_gazebo_sensors_py/bin'
[1.612s] Level 1:colcon.colcon_core.environment:create_environment_scripts_only(bme_gazebo_sensors_py)
[1.612s] INFO:colcon.colcon_core.shell:Creating package script '/home/javierac/camera_gz/install/bme_gazebo_sensors_py/share/bme_gazebo_sensors_py/package.ps1'
[1.613s] INFO:colcon.colcon_core.shell:Creating package descriptor '/home/javierac/camera_gz/install/bme_gazebo_sensors_py/share/bme_gazebo_sensors_py/package.dsv'
[1.613s] INFO:colcon.colcon_core.shell:Creating package script '/home/javierac/camera_gz/install/bme_gazebo_sensors_py/share/bme_gazebo_sensors_py/package.sh'
[1.615s] INFO:colcon.colcon_core.shell:Creating package script '/home/javierac/camera_gz/install/bme_gazebo_sensors_py/share/bme_gazebo_sensors_py/package.bash'
[1.615s] INFO:colcon.colcon_core.shell:Creating package script '/home/javierac/camera_gz/install/bme_gazebo_sensors_py/share/bme_gazebo_sensors_py/package.zsh'
[1.615s] Level 1:colcon.colcon_core.environment:create_file_with_runtime_dependencies(/home/javierac/camera_gz/install/bme_gazebo_sensors_py/share/colcon-core/packages/bme_gazebo_sensors_py)
[1.617s] Level 1:colcon.colcon_core.environment:checking '/home/javierac/camera_gz/install/mogi_trajectory_server' for CMake module files
[1.617s] DEBUG:colcon.colcon_core.event_handler.log_command:Invoked command in '/home/javierac/camera_gz/mogi_trajectory_server' returned '0': PYTHONPATH=/home/javierac/camera_gz/build/mogi_trajectory_server/prefix_override:/usr/lib/python3/dist-packages/colcon_core/task/python/colcon_distutils_commands:/home/javierac/camera_gz/install/mogi_trajectory_server/lib/python3.12/site-packages:${PYTHONPATH} /usr/bin/python3 -W ignore:setup.py install is deprecated -W ignore:easy_install command is deprecated setup.py egg_info --egg-base ../build/mogi_trajectory_server build --build-base /home/javierac/camera_gz/build/mogi_trajectory_server/build install --record /home/javierac/camera_gz/build/mogi_trajectory_server/install.log --single-version-externally-managed install_data
[1.617s] Level 1:colcon.colcon_core.environment:checking '/home/javierac/camera_gz/install/mogi_trajectory_server' for CMake config files
[1.618s] Level 1:colcon.colcon_core.environment:checking '/home/javierac/camera_gz/install/mogi_trajectory_server/lib'
[1.618s] Level 1:colcon.colcon_core.environment:checking '/home/javierac/camera_gz/install/mogi_trajectory_server/bin'
[1.618s] Level 1:colcon.colcon_core.environment:checking '/home/javierac/camera_gz/install/mogi_trajectory_server/lib/pkgconfig/mogi_trajectory_server.pc'
[1.618s] Level 1:colcon.colcon_core.environment:checking '/home/javierac/camera_gz/install/mogi_trajectory_server/lib/python3.12/site-packages'
[1.618s] Level 1:colcon.colcon_core.shell:create_environment_hook('mogi_trajectory_server', 'pythonpath')
[1.618s] INFO:colcon.colcon_core.shell:Creating environment hook '/home/javierac/camera_gz/install/mogi_trajectory_server/share/mogi_trajectory_server/hook/pythonpath.ps1'
[1.620s] INFO:colcon.colcon_core.shell:Creating environment descriptor '/home/javierac/camera_gz/install/mogi_trajectory_server/share/mogi_trajectory_server/hook/pythonpath.dsv'
[1.620s] INFO:colcon.colcon_core.shell:Creating environment hook '/home/javierac/camera_gz/install/mogi_trajectory_server/share/mogi_trajectory_server/hook/pythonpath.sh'
[1.620s] Level 1:colcon.colcon_core.environment:checking '/home/javierac/camera_gz/install/mogi_trajectory_server/bin'
[1.621s] Level 1:colcon.colcon_core.environment:create_environment_scripts_only(mogi_trajectory_server)
[1.621s] INFO:colcon.colcon_core.shell:Creating package script '/home/javierac/camera_gz/install/mogi_trajectory_server/share/mogi_trajectory_server/package.ps1'
[1.621s] INFO:colcon.colcon_core.shell:Creating package descriptor '/home/javierac/camera_gz/install/mogi_trajectory_server/share/mogi_trajectory_server/package.dsv'
[1.621s] INFO:colcon.colcon_core.shell:Creating package script '/home/javierac/camera_gz/install/mogi_trajectory_server/share/mogi_trajectory_server/package.sh'
[1.622s] INFO:colcon.colcon_core.shell:Creating package script '/home/javierac/camera_gz/install/mogi_trajectory_server/share/mogi_trajectory_server/package.bash'
[1.622s] INFO:colcon.colcon_core.shell:Creating package script '/home/javierac/camera_gz/install/mogi_trajectory_server/share/mogi_trajectory_server/package.zsh'
[1.622s] Level 1:colcon.colcon_core.environment:create_file_with_runtime_dependencies(/home/javierac/camera_gz/install/mogi_trajectory_server/share/colcon-core/packages/mogi_trajectory_server)
[1.622s] DEBUG:colcon.colcon_parallel_executor.executor.parallel:closing loop
[1.623s] DEBUG:colcon.colcon_parallel_executor.executor.parallel:loop closed
[1.623s] DEBUG:colcon.colcon_parallel_executor.executor.parallel:run_until_complete finished with '0'
[1.623s] DEBUG:colcon.colcon_core.event_reactor:joining thread
[1.628s] INFO:colcon.colcon_core.plugin_system:Skipping extension 'colcon_notification.desktop_notification.notify_send': Could not find 'notify-send'
[1.628s] INFO:colcon.colcon_core.plugin_system:Skipping extension 'colcon_notification.desktop_notification.terminal_notifier': Not used on non-Darwin systems
[1.628s] INFO:colcon.colcon_core.plugin_system:Skipping extension 'colcon_notification.desktop_notification.win32': Not used on non-Windows systems
[1.628s] INFO:colcon.colcon_notification.desktop_notification:Sending desktop notification using 'notify2'
[1.631s] DEBUG:colcon.colcon_notification.desktop_notification.notify2:Failed to initialize notify2: org.freedesktop.DBus.Error.Spawn.ExecFailed: /usr/bin/dbus-launch terminated abnormally without any error message
[1.631s] DEBUG:colcon.colcon_core.event_reactor:joined thread
[1.631s] INFO:colcon.colcon_core.shell:Creating prefix script '/home/javierac/camera_gz/install/local_setup.ps1'
[1.632s] INFO:colcon.colcon_core.shell:Creating prefix util module '/home/javierac/camera_gz/install/_local_setup_util_ps1.py'
[1.633s] INFO:colcon.colcon_core.shell:Creating prefix chain script '/home/javierac/camera_gz/install/setup.ps1'
[1.635s] INFO:colcon.colcon_core.shell:Creating prefix script '/home/javierac/camera_gz/install/local_setup.sh'
[1.635s] INFO:colcon.colcon_core.shell:Creating prefix util module '/home/javierac/camera_gz/install/_local_setup_util_sh.py'
[1.636s] INFO:colcon.colcon_core.shell:Creating prefix chain script '/home/javierac/camera_gz/install/setup.sh'
[1.637s] INFO:colcon.colcon_core.shell:Creating prefix script '/home/javierac/camera_gz/install/local_setup.bash'
[1.638s] INFO:colcon.colcon_core.shell:Creating prefix chain script '/home/javierac/camera_gz/install/setup.bash'
[1.640s] INFO:colcon.colcon_core.shell:Creating prefix script '/home/javierac/camera_gz/install/local_setup.zsh'
[1.641s] INFO:colcon.colcon_core.shell:Creating prefix chain script '/home/javierac/camera_gz/install/setup.zsh'
