[0.013s] Invoking command in '/home/javierac/vpc_ws/build/camera_robot': CMAKE_PREFIX_PATH=${CMAKE_PREFIX_PATH}:/home/xarm_ws/install/uf_ros_lib:/opt/ros/jazzy /usr/bin/cmake /home/javierac/vpc_ws/camera_robot -DCMAKE_INSTALL_PREFIX=/home/javierac/vpc_ws/install/camera_robot
[0.085s] -- The C compiler identification is GNU 13.3.0
[0.148s] -- The CXX compiler identification is GNU 13.3.0
[0.171s] -- Detecting C compiler ABI info
[0.296s] -- Detecting C compiler ABI info - done
[0.308s] -- Check for working C compiler: /usr/bin/cc - skipped
[0.308s] -- Detecting C compile features
[0.309s] -- Detecting C compile features - done
[0.323s] -- Detecting CXX compiler ABI info
[0.456s] -- Detecting CXX compiler ABI info - done
[0.466s] -- Check for working CXX compiler: /usr/bin/c++ - skipped
[0.466s] -- Detecting CXX compile features
[0.467s] -- Detecting CXX compile features - done
[0.474s] -- Found ament_cmake: 2.5.4 (/opt/ros/jazzy/share/ament_cmake/cmake)
[0.658s] -- Found Python3: /usr/bin/python3 (found version "3.12.3") found components: Interpreter 
[0.818s] -- Found ament_lint_auto: 0.17.2 (/opt/ros/jazzy/share/ament_lint_auto/cmake)
[0.964s] -- Added test 'flake8' to check Python code syntax and style conventions
[0.964s] -- Configured 'flake8' exclude dirs and/or files: 
[0.965s] -- Added test 'lint_cmake' to check CMake code style
[0.966s] -- Added test 'pep257' to check Python code against some of the docstring style conventions in PEP 257
[0.968s] -- Added test 'xmllint' to check XML markup files
[0.970s] -- Configuring done (0.9s)
[0.973s] -- Generating done (0.0s)
[0.974s] -- Build files have been written to: /home/javierac/vpc_ws/build/camera_robot
[0.980s] Invoked command in '/home/javierac/vpc_ws/build/camera_robot' returned '0': CMAKE_PREFIX_PATH=${CMAKE_PREFIX_PATH}:/home/xarm_ws/install/uf_ros_lib:/opt/ros/jazzy /usr/bin/cmake /home/javierac/vpc_ws/camera_robot -DCMAKE_INSTALL_PREFIX=/home/javierac/vpc_ws/install/camera_robot
[0.981s] Invoking command in '/home/javierac/vpc_ws/build/camera_robot': CMAKE_PREFIX_PATH=${CMAKE_PREFIX_PATH}:/home/xarm_ws/install/uf_ros_lib:/opt/ros/jazzy /usr/bin/cmake --build /home/javierac/vpc_ws/build/camera_robot -- -j20 -l20
[1.034s] Invoked command in '/home/javierac/vpc_ws/build/camera_robot' returned '0': CMAKE_PREFIX_PATH=${CMAKE_PREFIX_PATH}:/home/xarm_ws/install/uf_ros_lib:/opt/ros/jazzy /usr/bin/cmake --build /home/javierac/vpc_ws/build/camera_robot -- -j20 -l20
[1.047s] Invoking command in '/home/javierac/vpc_ws/build/camera_robot': CMAKE_PREFIX_PATH=${CMAKE_PREFIX_PATH}:/home/xarm_ws/install/uf_ros_lib:/opt/ros/jazzy /usr/bin/cmake --install /home/javierac/vpc_ws/build/camera_robot
[1.058s] -- Install configuration: ""
[1.058s] -- Installing: /home/javierac/vpc_ws/install/camera_robot/share/camera_robot/launch
[1.058s] -- Installing: /home/javierac/vpc_ws/install/camera_robot/share/camera_robot/launch/launch.py
[1.058s] -- Installing: /home/javierac/vpc_ws/install/camera_robot/share/camera_robot/urdf
[1.058s] -- Installing: /home/javierac/vpc_ws/install/camera_robot/share/camera_robot/urdf/robot.xacro
[1.059s] -- Installing: /home/javierac/vpc_ws/install/camera_robot/share/camera_robot/worlds
[1.059s] -- Installing: /home/javierac/vpc_ws/install/camera_robot/share/camera_robot/worlds/world.sdf
[1.059s] -- Installing: /home/javierac/vpc_ws/install/camera_robot/share/ament_index/resource_index/package_run_dependencies/camera_robot
[1.059s] -- Installing: /home/javierac/vpc_ws/install/camera_robot/share/ament_index/resource_index/parent_prefix_path/camera_robot
[1.059s] -- Installing: /home/javierac/vpc_ws/install/camera_robot/share/camera_robot/environment/ament_prefix_path.sh
[1.060s] -- Installing: /home/javierac/vpc_ws/install/camera_robot/share/camera_robot/environment/ament_prefix_path.dsv
[1.060s] -- Installing: /home/javierac/vpc_ws/install/camera_robot/share/camera_robot/environment/path.sh
[1.060s] -- Installing: /home/javierac/vpc_ws/install/camera_robot/share/camera_robot/environment/path.dsv
[1.060s] -- Installing: /home/javierac/vpc_ws/install/camera_robot/share/camera_robot/local_setup.bash
[1.060s] -- Installing: /home/javierac/vpc_ws/install/camera_robot/share/camera_robot/local_setup.sh
[1.060s] -- Installing: /home/javierac/vpc_ws/install/camera_robot/share/camera_robot/local_setup.zsh
[1.060s] -- Installing: /home/javierac/vpc_ws/install/camera_robot/share/camera_robot/local_setup.dsv
[1.060s] -- Installing: /home/javierac/vpc_ws/install/camera_robot/share/camera_robot/package.dsv
[1.061s] -- Installing: /home/javierac/vpc_ws/install/camera_robot/share/ament_index/resource_index/packages/camera_robot
[1.061s] -- Installing: /home/javierac/vpc_ws/install/camera_robot/share/camera_robot/cmake/camera_robotConfig.cmake
[1.061s] -- Installing: /home/javierac/vpc_ws/install/camera_robot/share/camera_robot/cmake/camera_robotConfig-version.cmake
[1.061s] -- Installing: /home/javierac/vpc_ws/install/camera_robot/share/camera_robot/package.xml
[1.062s] Invoked command in '/home/javierac/vpc_ws/build/camera_robot' returned '0': CMAKE_PREFIX_PATH=${CMAKE_PREFIX_PATH}:/home/xarm_ws/install/uf_ros_lib:/opt/ros/jazzy /usr/bin/cmake --install /home/javierac/vpc_ws/build/camera_robot
