running egg_info
writing ../build/bme_gazebo_sensors_py/bme_gazebo_sensors_py.egg-info/PKG-INFO
writing dependency_links to ../build/bme_gazebo_sensors_py/bme_gazebo_sensors_py.egg-info/dependency_links.txt
writing entry points to ../build/bme_gazebo_sensors_py/bme_gazebo_sensors_py.egg-info/entry_points.txt
writing requirements to ../build/bme_gazebo_sensors_py/bme_gazebo_sensors_py.egg-info/requires.txt
writing top-level names to ../build/bme_gazebo_sensors_py/bme_gazebo_sensors_py.egg-info/top_level.txt
reading manifest file '../build/bme_gazebo_sensors_py/bme_gazebo_sensors_py.egg-info/SOURCES.txt'
writing manifest file '../build/bme_gazebo_sensors_py/bme_gazebo_sensors_py.egg-info/SOURCES.txt'
running build
running build_py
running install
running install_lib
running install_data
running install_egg_info
removing '/home/javierac/camera_gz/install/bme_gazebo_sensors_py/lib/python3.12/site-packages/bme_gazebo_sensors_py-1.0.0-py3.12.egg-info' (and everything under it)
Copying ../build/bme_gazebo_sensors_py/bme_gazebo_sensors_py.egg-info to /home/javierac/camera_gz/install/bme_gazebo_sensors_py/lib/python3.12/site-packages/bme_gazebo_sensors_py-1.0.0-py3.12.egg-info
running install_scripts
Installing chase_the_ball script to /home/javierac/camera_gz/install/bme_gazebo_sensors_py/lib/bme_gazebo_sensors_py
Installing gps_waypoint_follower script to /home/javierac/camera_gz/install/bme_gazebo_sensors_py/lib/bme_gazebo_sensors_py
Installing image_republisher script to /home/javierac/camera_gz/install/bme_gazebo_sensors_py/lib/bme_gazebo_sensors_py
writing list of installed files to '/home/javierac/camera_gz/build/bme_gazebo_sensors_py/install.log'
