[0.940s] Invoking command in '/home/javierac/camera_gz/bme_gazebo_sensors_py': PYTHONPATH=/home/javierac/camera_gz/build/bme_gazebo_sensors_py/prefix_override:/usr/lib/python3/dist-packages/colcon_core/task/python/colcon_distutils_commands:/home/javierac/camera_gz/install/bme_gazebo_sensors_py/lib/python3.12/site-packages:${PYTHONPATH} /usr/bin/python3 -W ignore:setup.py install is deprecated -W ignore:easy_install command is deprecated setup.py egg_info --egg-base ../build/bme_gazebo_sensors_py build --build-base /home/javierac/camera_gz/build/bme_gazebo_sensors_py/build install --record /home/javierac/camera_gz/build/bme_gazebo_sensors_py/install.log --single-version-externally-managed install_data
[1.175s] running egg_info
[1.189s] writing ../build/bme_gazebo_sensors_py/bme_gazebo_sensors_py.egg-info/PKG-INFO
[1.189s] writing dependency_links to ../build/bme_gazebo_sensors_py/bme_gazebo_sensors_py.egg-info/dependency_links.txt
[1.189s] writing entry points to ../build/bme_gazebo_sensors_py/bme_gazebo_sensors_py.egg-info/entry_points.txt
[1.189s] writing requirements to ../build/bme_gazebo_sensors_py/bme_gazebo_sensors_py.egg-info/requires.txt
[1.189s] writing top-level names to ../build/bme_gazebo_sensors_py/bme_gazebo_sensors_py.egg-info/top_level.txt
[1.219s] reading manifest file '../build/bme_gazebo_sensors_py/bme_gazebo_sensors_py.egg-info/SOURCES.txt'
[1.220s] writing manifest file '../build/bme_gazebo_sensors_py/bme_gazebo_sensors_py.egg-info/SOURCES.txt'
[1.220s] running build
[1.220s] running build_py
[1.220s] running install
[1.228s] running install_lib
[1.243s] running install_data
[1.243s] running install_egg_info
[1.259s] removing '/home/javierac/camera_gz/install/bme_gazebo_sensors_py/lib/python3.12/site-packages/bme_gazebo_sensors_py-1.0.0-py3.12.egg-info' (and everything under it)
[1.259s] Copying ../build/bme_gazebo_sensors_py/bme_gazebo_sensors_py.egg-info to /home/javierac/camera_gz/install/bme_gazebo_sensors_py/lib/python3.12/site-packages/bme_gazebo_sensors_py-1.0.0-py3.12.egg-info
[1.260s] running install_scripts
[1.371s] Installing chase_the_ball script to /home/javierac/camera_gz/install/bme_gazebo_sensors_py/lib/bme_gazebo_sensors_py
[1.372s] Installing gps_waypoint_follower script to /home/javierac/camera_gz/install/bme_gazebo_sensors_py/lib/bme_gazebo_sensors_py
[1.372s] Installing image_republisher script to /home/javierac/camera_gz/install/bme_gazebo_sensors_py/lib/bme_gazebo_sensors_py
[1.372s] writing list of installed files to '/home/javierac/camera_gz/build/bme_gazebo_sensors_py/install.log'
[1.399s] Invoked command in '/home/javierac/camera_gz/bme_gazebo_sensors_py' returned '0': PYTHONPATH=/home/javierac/camera_gz/build/bme_gazebo_sensors_py/prefix_override:/usr/lib/python3/dist-packages/colcon_core/task/python/colcon_distutils_commands:/home/javierac/camera_gz/install/bme_gazebo_sensors_py/lib/python3.12/site-packages:${PYTHONPATH} /usr/bin/python3 -W ignore:setup.py install is deprecated -W ignore:easy_install command is deprecated setup.py egg_info --egg-base ../build/bme_gazebo_sensors_py build --build-base /home/javierac/camera_gz/build/bme_gazebo_sensors_py/build install --record /home/javierac/camera_gz/build/bme_gazebo_sensors_py/install.log --single-version-externally-managed install_data
