[ 50%] [32mBuilding CXX object CMakeFiles/xarm6_action_client.dir/src/xarm6_action_client.cpp.o[0m
[100%] [32m[1mLinking CXX executable xarm6_action_client[0m
[100%] Built target xarm6_action_client
-- Install configuration: ""
-- Up-to-date: /home/javierac/control_ws/install/xarm6_cpp_control/share/ament_index/resource_index/package_run_dependencies/xarm6_cpp_control
-- Up-to-date: /home/javierac/control_ws/install/xarm6_cpp_control/share/ament_index/resource_index/parent_prefix_path/xarm6_cpp_control
-- Up-to-date: /home/javierac/control_ws/install/xarm6_cpp_control/share/xarm6_cpp_control/environment/ament_prefix_path.sh
-- Up-to-date: /home/javierac/control_ws/install/xarm6_cpp_control/share/xarm6_cpp_control/environment/ament_prefix_path.dsv
-- Up-to-date: /home/javierac/control_ws/install/xarm6_cpp_control/share/xarm6_cpp_control/environment/path.sh
-- Up-to-date: /home/javierac/control_ws/install/xarm6_cpp_control/share/xarm6_cpp_control/environment/path.dsv
-- Up-to-date: /home/javierac/control_ws/install/xarm6_cpp_control/share/xarm6_cpp_control/local_setup.bash
-- Up-to-date: /home/javierac/control_ws/install/xarm6_cpp_control/share/xarm6_cpp_control/local_setup.sh
-- Up-to-date: /home/javierac/control_ws/install/xarm6_cpp_control/share/xarm6_cpp_control/local_setup.zsh
-- Up-to-date: /home/javierac/control_ws/install/xarm6_cpp_control/share/xarm6_cpp_control/local_setup.dsv
-- Installing: /home/javierac/control_ws/install/xarm6_cpp_control/share/xarm6_cpp_control/package.dsv
-- Up-to-date: /home/javierac/control_ws/install/xarm6_cpp_control/share/ament_index/resource_index/packages/xarm6_cpp_control
-- Up-to-date: /home/javierac/control_ws/install/xarm6_cpp_control/share/xarm6_cpp_control/cmake/xarm6_cpp_controlConfig.cmake
-- Up-to-date: /home/javierac/control_ws/install/xarm6_cpp_control/share/xarm6_cpp_control/cmake/xarm6_cpp_controlConfig-version.cmake
-- Up-to-date: /home/javierac/control_ws/install/xarm6_cpp_control/share/xarm6_cpp_control/package.xml
-- Installing: /home/javierac/control_ws/install/xarm6_cpp_control/lib/xarm6_cpp_control/xarm6_action_client
-- Set non-toolchain portion of runtime path of "/home/javierac/control_ws/install/xarm6_cpp_control/lib/xarm6_cpp_control/xarm6_action_client" to ""
