\BOOKMARK [1][-]{section.1}{\376\377\000I\000n\000t\000r\000o\000d\000u\000c\000c\000i\000\363\000n}{}% 1
\BOOKMARK [2][-]{subsection.1.1}{\376\377\000O\000b\000j\000e\000t\000i\000v\000o\000\040\000y\000\040\000m\000o\000t\000i\000v\000a\000c\000i\000\363\000n\000\040\000d\000e\000l\000\040\000p\000r\000o\000y\000e\000c\000t\000o}{section.1}% 2
\BOOKMARK [2][-]{subsection.1.2}{\376\377\000M\000e\000t\000o\000d\000o\000l\000o\000g\000\355\000a}{section.1}% 3
\BOOKMARK [1][-]{section.2}{\376\377\000U\000F\000a\000c\000t\000o\000r\000y\000\040\000x\000A\000r\000m\000\040\0006}{}% 4
\BOOKMARK [2][-]{subsection.2.1}{\376\377\000E\000s\000t\000r\000u\000c\000t\000u\000r\000a\000\040\000m\000e\000c\000\341\000n\000i\000c\000a\000:\000\040\000e\000s\000l\000a\000b\000o\000n\000e\000s\000\040\000y\000\040\000a\000r\000t\000i\000c\000u\000l\000a\000c\000i\000o\000n\000e\000s}{section.2}% 5
\BOOKMARK [2][-]{subsection.2.2}{\376\377\000A\000c\000t\000u\000a\000d\000o\000r\000e\000s}{section.2}% 6
\BOOKMARK [2][-]{subsection.2.3}{\376\377\000S\000e\000n\000s\000o\000r\000e\000s\000\040\000i\000n\000t\000e\000g\000r\000a\000d\000o\000s\000\040\000y\000\040\000o\000p\000c\000i\000o\000n\000a\000l\000e\000s}{section.2}% 7
\BOOKMARK [2][-]{subsection.2.4}{\376\377\000E\000f\000e\000c\000t\000o\000r}{section.2}% 8
\BOOKMARK [2][-]{subsection.2.5}{\376\377\000S\000i\000s\000t\000e\000m\000a\000\040\000d\000e\000\040\000c\000o\000n\000t\000r\000o\000l}{section.2}% 9
\BOOKMARK [2][-]{subsection.2.6}{\376\377\000S\000o\000f\000t\000w\000a\000r\000e}{section.2}% 10
\BOOKMARK [1][-]{section.3}{\376\377\000E\000s\000t\000u\000d\000i\000o\000\040\000c\000i\000n\000e\000m\000\341\000t\000i\000c\000o}{}% 11
\BOOKMARK [2][-]{subsection.3.1}{\376\377\000C\000i\000n\000e\000m\000\341\000t\000i\000c\000a\000\040\000d\000i\000r\000e\000c\000t\000a}{section.3}% 12
\BOOKMARK [3][-]{subsubsection.3.1.1}{\376\377\000P\000a\000r\000\341\000m\000e\000t\000r\000o\000s\000\040\000d\000e\000\040\000D\000e\000n\000a\000v\000i\000t\000-\000H\000a\000r\000t\000e\000n\000b\000e\000r\000g}{subsection.3.1}% 13
\BOOKMARK [3][-]{subsubsection.3.1.2}{\376\377\000P\000a\000r\000\341\000m\000e\000t\000r\000o\000s\000\040\000m\000o\000d\000i\000f\000i\000c\000a\000d\000o\000s\000\040\000d\000e\000\040\000D\000e\000n\000a\000v\000i\000t\000-\000H\000a\000r\000t\000e\000n\000b\000e\000r\000g}{subsection.3.1}% 14
\BOOKMARK [2][-]{subsection.3.2}{\376\377\000C\000i\000n\000e\000m\000\341\000t\000i\000c\000a\000\040\000i\000n\000v\000e\000r\000s\000a}{section.3}% 15
\BOOKMARK [3][-]{subsubsection.3.2.1}{\376\377\000P\000s\000e\000u\000d\000o\000i\000n\000v\000e\000r\000s\000a\000\040\000d\000e\000l\000\040\000J\000a\000c\000o\000b\000i\000a\000n\000o\000\040\000y\000\040\000N\000e\000w\000t\000o\000n\040\023\000R\000a\000p\000h\000s\000o\000n}{subsection.3.2}% 16
\BOOKMARK [3][-]{subsubsection.3.2.2}{\376\377\000C\000\341\000l\000c\000u\000l\000o\000\040\000d\000e\000\040\000c\000i\000n\000e\000m\000\341\000t\000i\000c\000a\000\040\000i\000n\000v\000e\000r\000s\000a\000\040\000p\000a\000r\000a\000\040\000e\000l\000\040\000U\000F\000a\000c\000t\000o\000r\000y\000\040\000x\000A\000r\000m\0006}{subsection.3.2}% 17
\BOOKMARK [2][-]{subsection.3.3}{\376\377\000C\000i\000n\000e\000m\000\341\000t\000i\000c\000a\000\040\000d\000i\000f\000e\000r\000e\000n\000c\000i\000a\000l\000\040\000y\000\040\000J\000a\000c\000o\000b\000i\000a\000n\000o}{section.3}% 18
\BOOKMARK [2][-]{subsection.3.4}{\376\377\000G\000e\000n\000e\000r\000a\000c\000i\000\363\000n\000\040\000d\000e\000\040\000t\000r\000a\000y\000e\000c\000t\000o\000r\000i\000a\000s}{section.3}% 19
\BOOKMARK [3][-]{subsubsection.3.4.1}{\376\377\000T\000r\000a\000y\000e\000c\000t\000o\000r\000i\000a\000s\000\040\000l\000i\000n\000e\000a\000l\000e\000s\000\040\000e\000n\000\040\000e\000s\000p\000a\000c\000i\000o\000\040\000c\000a\000r\000t\000e\000s\000i\000a\000n\000o}{subsection.3.4}% 20
\BOOKMARK [3][-]{subsubsection.3.4.2}{\376\377\000T\000r\000a\000y\000e\000c\000t\000o\000r\000i\000a\000s\000\040\000c\000i\000r\000c\000u\000l\000a\000r\000e\000s\000\040\000e\000n\000\040\000e\000s\000p\000a\000c\000i\000o\000\040\000c\000a\000r\000t\000e\000s\000i\000a\000n\000o}{subsection.3.4}% 21
\BOOKMARK [3][-]{subsubsection.3.4.3}{\376\377\000T\000r\000a\000y\000e\000c\000t\000o\000r\000i\000a\000s\000\040\000p\000o\000l\000i\000n\000\363\000m\000i\000c\000a\000s\000\040\000e\000n\000\040\000e\000s\000p\000a\000c\000i\000o\000\040\000a\000r\000t\000i\000c\000u\000l\000a\000r}{subsection.3.4}% 22
\BOOKMARK [3][-]{subsubsection.3.4.4}{\376\377\000T\000r\000a\000y\000e\000c\000t\000o\000r\000i\000a\000s\000\040\000s\000p\000l\000i\000n\000e\000\040\000\050\000m\000u\000l\000t\000i\000-\000w\000a\000y\000p\000o\000i\000n\000t\000\051}{subsection.3.4}% 23
\BOOKMARK [2][-]{subsection.3.5}{\376\377\000C\000\341\000l\000c\000u\000l\000o\000\040\000d\000e\000\040\000l\000a\000\040\000t\000r\000a\000y\000e\000c\000t\000o\000r\000i\000a\000\040\000e\000n\000\040\000M\000a\000t\000l\000a\000b\000\040\000c\000o\000n\000\040\000l\000a\000\040\000t\000o\000o\000l\000b\000o\000x\000\040\000d\000e\000\040\000P\000e\000t\000e\000r\000\040\000C\000o\000r\000k\000e}{section.3}% 24
\BOOKMARK [2][-]{subsection.3.6}{\376\377\000C\000o\000n\000t\000r\000o\000l\000\040\000c\000i\000n\000e\000m\000\341\000t\000i\000c\000o}{section.3}% 25
\BOOKMARK [1][-]{section.4}{\376\377\000E\000s\000t\000u\000d\000i\000o\000\040\000d\000i\000n\000\341\000m\000i\000c\000o}{}% 26
\BOOKMARK [2][-]{subsection.4.1}{\376\377\000E\000c\000u\000a\000c\000i\000o\000n\000e\000s\000\040\000d\000e\000\040\000m\000o\000v\000i\000m\000i\000e\000n\000t\000o}{section.4}% 27
\BOOKMARK [3][-]{subsubsection.4.1.1}{\376\377\000E\000n\000f\000o\000q\000u\000e\000\040\000e\000n\000e\000r\000g\000\351\000t\000i\000c\000o\000\040\000\050\000L\000a\000g\000r\000a\000n\000g\000i\000a\000n\000o\000\051}{subsection.4.1}% 28
\BOOKMARK [3][-]{subsubsection.4.1.2}{\376\377\000M\000\351\000t\000o\000d\000o\000\040\000r\000e\000c\000u\000r\000s\000i\000v\000o\000\040\000d\000e\000\040\000N\000e\000w\000t\000o\000n\040\023\000E\000u\000l\000e\000r}{subsection.4.1}% 29
\BOOKMARK [3][-]{subsubsection.4.1.3}{\376\377\000E\000j\000e\000m\000p\000l\000o\000\040\000d\000e\000\040\000u\000n\000a\000\040\000i\000t\000e\000r\000a\000c\000i\000\363\000n\000\040\000p\000a\000r\000a\000\040\000e\000l\000\040\000e\000s\000l\000a\000b\000\363\000n\000\040\0003\000\040\000d\000e\000l\000\040\000U\000F\000a\000c\000t\000o\000r\000y\000\040\000x\000A\000r\000m\0006}{subsection.4.1}% 30
\BOOKMARK [2][-]{subsection.4.2}{\376\377\000C\000o\000n\000t\000r\000o\000l\000\040\000d\000i\000n\000\341\000m\000i\000c\000o}{section.4}% 31
\BOOKMARK [1][-]{section.5}{\376\377\000E\000s\000c\000a\000l\000a\000d\000o\000\040\000y\000\040\000p\000a\000r\000a\000m\000e\000t\000r\000i\000z\000a\000c\000i\000\363\000n\000\040\000t\000e\000m\000p\000o\000r\000a\000l\000\040\000d\000e\000\040\000t\000r\000a\000y\000e\000c\000t\000o\000r\000i\000a\000s}{}% 32
\BOOKMARK [2][-]{subsection.5.1}{\376\377\000I\000P\000T\000P\000:\000\040\000I\000t\000e\000r\000a\000t\000i\000v\000e\000\040\000P\000a\000r\000a\000b\000o\000l\000i\000c\000\040\000T\000i\000m\000e\000\040\000P\000a\000r\000a\000m\000e\000t\000e\000r\000i\000z\000a\000t\000i\000o\000n}{section.5}% 33
\BOOKMARK [2][-]{subsection.5.2}{\376\377\000I\000S\000P\000:\000\040\000I\000t\000e\000r\000a\000t\000i\000v\000e\000\040\000S\000p\000l\000i\000n\000e\000\040\000P\000a\000r\000a\000m\000e\000t\000e\000r\000i\000z\000a\000t\000i\000o\000n}{section.5}% 34
\BOOKMARK [2][-]{subsection.5.3}{\376\377\000T\000O\000T\000G\000:\000\040\000T\000i\000m\000e\000-\000O\000p\000t\000i\000m\000a\000l\000\040\000T\000r\000a\000j\000e\000c\000t\000o\000r\000y\000\040\000G\000e\000n\000e\000r\000a\000t\000i\000o\000n}{section.5}% 35
\BOOKMARK [2][-]{subsection.5.4}{\376\377\000T\000O\000P\000P\000-\000R\000A\000:\000\040\000T\000i\000m\000e\000-\000O\000p\000t\000i\000m\000a\000l\000\040\000P\000a\000t\000h\000\040\000P\000a\000r\000a\000m\000e\000t\000e\000r\000i\000z\000a\000t\000i\000o\000n\000\040\000v\000i\000a\000\040\000R\000e\000a\000c\000h\000a\000b\000i\000l\000i\000t\000y\000\040\000A\000n\000a\000l\000y\000s\000i\000s}{section.5}% 36
\BOOKMARK [2][-]{subsection.5.5}{\376\377\000I\000m\000p\000l\000e\000m\000e\000n\000t\000a\000c\000i\000\363\000n\000\040\000p\000r\000o\000p\000i\000a\000\040\0001\000:\000\040\000e\000s\000c\000a\000l\000a\000d\000o\000\040\000t\000e\000m\000p\000o\000r\000a\000l\000\040\000u\000n\000i\000f\000o\000r\000m\000e\000\040\000y\000\040\000r\000e\000i\000n\000t\000e\000r\000p\000o\000l\000a\000c\000i\000\363\000n\000\040\000q\000u\000\355\000n\000t\000i\000c\000a}{section.5}% 37
\BOOKMARK [2][-]{subsection.5.6}{\376\377\000I\000m\000p\000l\000e\000m\000e\000n\000t\000a\000c\000i\000\363\000n\000\040\000p\000r\000o\000p\000i\000a\000\040\0002\000:\000\040\000r\000e\000t\000i\000m\000i\000n\000g\000\040\000d\000i\000n\000\341\000m\000i\000c\000o\000\040\000p\000o\000r\000\040\000p\000a\000r\000\040\000a\000r\000t\000i\000c\000u\000l\000a\000r}{section.5}% 38
\BOOKMARK [1][-]{section.6}{\376\377\000C\000o\000n\000t\000r\000o\000l\000a\000d\000o\000r\000\040\000P\000I\000D}{}% 39
\BOOKMARK [1][-]{section.7}{\376\377\000P\000r\000o\000g\000r\000a\000m\000a\000c\000i\000\363\000n\000\040\000c\000o\000n\000\040\000M\000o\000v\000e\000I\000t\0002\000-\000R\000O\000S\0002\000-\000G\000a\000z\000e\000b\000o}{}% 40
\BOOKMARK [2][-]{subsection.7.1}{\376\377\000A\000l\000g\000o\000r\000i\000t\000m\000o\000s\000\040\000d\000e\000\040\000p\000l\000a\000n\000i\000f\000i\000c\000a\000c\000i\000\363\000n\000\040\000y\000\040\000g\000e\000n\000e\000r\000a\000c\000i\000\363\000n\000\040\000d\000e\000\040\000t\000r\000a\000y\000e\000c\000t\000o\000r\000i\000a\000s\000\040\000e\000n\000\040\000M\000o\000v\000e\000I\000t\0002}{section.7}% 41
\BOOKMARK [3][-]{subsubsection.7.1.1}{\376\377\000P\000l\000a\000n\000i\000f\000i\000c\000a\000d\000o\000r\000e\000s\000\040\000g\000e\000o\000m\000\351\000t\000r\000i\000c\000o\000s\000\040\000\050\000O\000M\000P\000L\000\051}{subsection.7.1}% 42
\BOOKMARK [3][-]{subsubsection.7.1.2}{\376\377\000I\000n\000t\000e\000r\000p\000o\000l\000a\000c\000i\000\363\000n\000\040\000c\000a\000r\000t\000e\000s\000i\000a\000n\000a}{subsection.7.1}% 43
\BOOKMARK [3][-]{subsubsection.7.1.3}{\376\377\000A\000l\000g\000o\000r\000i\000t\000m\000o\000s\000\040\000d\000e\000\040\000p\000a\000r\000a\000m\000e\000t\000r\000i\000z\000a\000c\000i\000\363\000n\000\040\000t\000e\000m\000p\000o\000r\000a\000l}{subsection.7.1}% 44
\BOOKMARK [3][-]{subsubsection.7.1.4}{\376\377\000E\000j\000e\000c\000u\000c\000i\000\363\000n\000\040\000d\000e\000\040\000l\000a\000\040\000t\000r\000a\000y\000e\000c\000t\000o\000r\000i\000a}{subsection.7.1}% 45
\BOOKMARK [2][-]{subsection.7.2}{\376\377\000P\000r\000o\000g\000r\000a\000m\000a\000c\000i\000\363\000n\000\040\000b\000\341\000s\000i\000c\000a\000\040\000c\000o\000n\000\040\000l\000a\000\040\000G\000U\000I\000\040\000d\000e\000\040\000M\000o\000v\000e\000I\000t\0002\000\040\000e\000n\000\040\000R\000V\000I\000Z}{section.7}% 46
\BOOKMARK [2][-]{subsection.7.3}{\376\377\000P\000r\000o\000g\000r\000a\000m\000a\000c\000i\000\363\000n\000\040\000b\000\341\000s\000i\000c\000a\000\040\000c\000o\000n\000\040\000u\000n\000\040\000n\000o\000d\000o\000\040\000e\000n\000\040\000C\000+\000+}{section.7}% 47
\BOOKMARK [1][-]{section.8}{\376\377\000E\000v\000a\000l\000u\000a\000c\000i\000\363\000n\000\040\000y\000\040\000a\000n\000\341\000l\000i\000s\000i\000s\000\040\000d\000e\000\040\000c\000o\000s\000t\000e\000s}{}% 48
\BOOKMARK [2][-]{subsection.8.1}{\376\377\000C\000o\000s\000t\000e\000s\000\040\000d\000i\000r\000e\000c\000t\000o\000s}{section.8}% 49
\BOOKMARK [2][-]{subsection.8.2}{\376\377\000C\000o\000s\000t\000e\000s\000\040\000i\000n\000d\000i\000r\000e\000c\000t\000o\000s}{section.8}% 50
\BOOKMARK [2][-]{subsection.8.3}{\376\377\000R\000e\000l\000a\000c\000i\000\363\000n\000\040\000c\000o\000s\000t\000e\040\023\000b\000e\000n\000e\000f\000i\000c\000i\000o}{section.8}% 51
\BOOKMARK [1][-]{section*.73}{\376\377\000A\000n\000e\000x\000o\000:\000\040\000c\000\363\000d\000i\000g\000o}{}% 52
\BOOKMARK [2][-]{section*.74}{\376\377\000E\000s\000t\000u\000d\000i\000o\000\040\000c\000i\000n\000e\000m\000\341\000t\000i\000c\000o}{section*.73}% 53
\BOOKMARK [2][-]{section*.81}{\376\377\000E\000s\000t\000u\000d\000i\000o\000\040\000d\000i\000n\000\341\000m\000i\000c\000o}{section*.73}% 54
\BOOKMARK [2][-]{section*.82}{\376\377\000C\000o\000n\000t\000r\000o\000l\000a\000d\000o\000r}{section*.73}% 55
\BOOKMARK [2][-]{section*.83}{\376\377\000P\000r\000o\000g\000r\000a\000m\000a\000c\000i\000\363\000n\000\040\000b\000\341\000s\000i\000c\000a\000\040\000d\000e\000\040\000M\000o\000v\000e\000I\000t\0002\000\040\000c\000o\000n\000\040\000u\000n\000\040\000n\000o\000d\000o\000\040\000e\000n\000\040\000C\000+\000+}{section*.73}% 56
\BOOKMARK [1][-]{section*.85}{\376\377\000R\000e\000f\000e\000r\000e\000n\000c\000i\000a\000s\000\040\000a\000d\000i\000c\000i\000o\000n\000a\000l\000e\000s\000\040\000a\000l\000\040\000m\000a\000t\000e\000r\000i\000a\000l\000\040\000d\000e\000l\000\040\000C\000a\000m\000p\000u\000s\000\040\000V\000i\000r\000t\000u\000a\000l}{}% 57
