[0.014s] Invoking command in '/home/javierac/vpc_ws/build/camera_robot': CMAKE_PREFIX_PATH=${CMAKE_PREFIX_PATH}:/home/xarm_ws/install/uf_ros_lib:/opt/ros/jazzy /usr/bin/cmake --build /home/javierac/vpc_ws/build/camera_robot -- -j20 -l20
[0.084s] Invoked command in '/home/javierac/vpc_ws/build/camera_robot' returned '0': CMAKE_PREFIX_PATH=${CMAKE_PREFIX_PATH}:/home/xarm_ws/install/uf_ros_lib:/opt/ros/jazzy /usr/bin/cmake --build /home/javierac/vpc_ws/build/camera_robot -- -j20 -l20
[0.100s] Invoking command in '/home/javierac/vpc_ws/build/camera_robot': CMAKE_PREFIX_PATH=${CMAKE_PREFIX_PATH}:/home/xarm_ws/install/uf_ros_lib:/opt/ros/jazzy /usr/bin/cmake --install /home/javierac/vpc_ws/build/camera_robot
[0.117s] -- Install configuration: ""
[0.117s] -- Up-to-date: /home/javierac/vpc_ws/install/camera_robot/share/camera_robot/launch
[0.117s] -- Up-to-date: /home/javierac/vpc_ws/install/camera_robot/share/camera_robot/launch/launch.py
[0.117s] -- Up-to-date: /home/javierac/vpc_ws/install/camera_robot/share/camera_robot/urdf
[0.117s] -- Up-to-date: /home/javierac/vpc_ws/install/camera_robot/share/camera_robot/urdf/robot.xacro
[0.117s] -- Up-to-date: /home/javierac/vpc_ws/install/camera_robot/share/camera_robot/worlds
[0.118s] -- Installing: /home/javierac/vpc_ws/install/camera_robot/share/camera_robot/worlds/world.sdf
[0.118s] -- Up-to-date: /home/javierac/vpc_ws/install/camera_robot/share/ament_index/resource_index/package_run_dependencies/camera_robot
[0.118s] -- Up-to-date: /home/javierac/vpc_ws/install/camera_robot/share/ament_index/resource_index/parent_prefix_path/camera_robot
[0.118s] -- Up-to-date: /home/javierac/vpc_ws/install/camera_robot/share/camera_robot/environment/ament_prefix_path.sh
[0.118s] -- Up-to-date: /home/javierac/vpc_ws/install/camera_robot/share/camera_robot/environment/ament_prefix_path.dsv
[0.119s] -- Up-to-date: /home/javierac/vpc_ws/install/camera_robot/share/camera_robot/environment/path.sh
[0.119s] -- Up-to-date: /home/javierac/vpc_ws/install/camera_robot/share/camera_robot/environment/path.dsv
[0.119s] -- Up-to-date: /home/javierac/vpc_ws/install/camera_robot/share/camera_robot/local_setup.bash
[0.119s] -- Up-to-date: /home/javierac/vpc_ws/install/camera_robot/share/camera_robot/local_setup.sh
[0.119s] -- Up-to-date: /home/javierac/vpc_ws/install/camera_robot/share/camera_robot/local_setup.zsh
[0.119s] -- Up-to-date: /home/javierac/vpc_ws/install/camera_robot/share/camera_robot/local_setup.dsv
[0.120s] -- Installing: /home/javierac/vpc_ws/install/camera_robot/share/camera_robot/package.dsv
[0.120s] -- Up-to-date: /home/javierac/vpc_ws/install/camera_robot/share/ament_index/resource_index/packages/camera_robot
[0.120s] -- Up-to-date: /home/javierac/vpc_ws/install/camera_robot/share/camera_robot/cmake/camera_robotConfig.cmake
[0.120s] -- Up-to-date: /home/javierac/vpc_ws/install/camera_robot/share/camera_robot/cmake/camera_robotConfig-version.cmake
[0.120s] -- Up-to-date: /home/javierac/vpc_ws/install/camera_robot/share/camera_robot/package.xml
[0.122s] Invoked command in '/home/javierac/vpc_ws/build/camera_robot' returned '0': CMAKE_PREFIX_PATH=${CMAKE_PREFIX_PATH}:/home/xarm_ws/install/uf_ros_lib:/opt/ros/jazzy /usr/bin/cmake --install /home/javierac/vpc_ws/build/camera_robot
